<?xml version="1.0" encoding="UTF-8"?>
<testsuites>
  <testsuite name="" tests="601" assertions="599" errors="2" warnings="0" failures="0" skipped="0" time="6936.231018">
    <testsuite name="Aspose\Cells\Cloud\AutoFilterControllerTest" file="D:\cells.cloud.family\cells.cloud-sdk-php\test\Api\AutoFilterControllerTest.php" tests="13" assertions="13" errors="0" warnings="0" failures="0" skipped="0" time="51.163201">
      <testcase name="testGetWorksheetAutoFilter" class="Aspose\Cells\Cloud\AutoFilterControllerTest" classname="Aspose.Cells.Cloud.AutoFilterControllerTest" file="D:\cells.cloud.family\cells.cloud-sdk-php\test\Api\AutoFilterControllerTest.php" line="58" assertions="1" time="8.439441"/>
      <testcase name="testPutWorksheetDateFilter" class="Aspose\Cells\Cloud\AutoFilterControllerTest" classname="Aspose.Cells.Cloud.AutoFilterControllerTest" file="D:\cells.cloud.family\cells.cloud-sdk-php\test\Api\AutoFilterControllerTest.php" line="82" assertions="1" time="5.244506"/>
      <testcase name="testPutWorksheetFilter" class="Aspose\Cells\Cloud\AutoFilterControllerTest" classname="Aspose.Cells.Cloud.AutoFilterControllerTest" file="D:\cells.cloud.family\cells.cloud-sdk-php\test\Api\AutoFilterControllerTest.php" line="112" assertions="1" time="3.974476"/>
      <testcase name="testPutWorksheetIconFilter" class="Aspose\Cells\Cloud\AutoFilterControllerTest" classname="Aspose.Cells.Cloud.AutoFilterControllerTest" file="D:\cells.cloud.family\cells.cloud-sdk-php\test\Api\AutoFilterControllerTest.php" line="141" assertions="1" time="4.383930"/>
      <testcase name="testPutWorksheetCustomFilter" class="Aspose\Cells\Cloud\AutoFilterControllerTest" classname="Aspose.Cells.Cloud.AutoFilterControllerTest" file="D:\cells.cloud.family\cells.cloud-sdk-php\test\Api\AutoFilterControllerTest.php" line="171" assertions="1" time="3.240497"/>
      <testcase name="testPutWorksheetDynamicFilter" class="Aspose\Cells\Cloud\AutoFilterControllerTest" classname="Aspose.Cells.Cloud.AutoFilterControllerTest" file="D:\cells.cloud.family\cells.cloud-sdk-php\test\Api\AutoFilterControllerTest.php" line="201" assertions="1" time="3.666591"/>
      <testcase name="testPutWorksheetFilterTop10" class="Aspose\Cells\Cloud\AutoFilterControllerTest" classname="Aspose.Cells.Cloud.AutoFilterControllerTest" file="D:\cells.cloud.family\cells.cloud-sdk-php\test\Api\AutoFilterControllerTest.php" line="230" assertions="1" time="3.412741"/>
      <testcase name="testPutWorksheetColorFilter" class="Aspose\Cells\Cloud\AutoFilterControllerTest" classname="Aspose.Cells.Cloud.AutoFilterControllerTest" file="D:\cells.cloud.family\cells.cloud-sdk-php\test\Api\AutoFilterControllerTest.php" line="261" assertions="1" time="3.418244"/>
      <testcase name="testPostWorksheetMatchBlanks" class="Aspose\Cells\Cloud\AutoFilterControllerTest" classname="Aspose.Cells.Cloud.AutoFilterControllerTest" file="D:\cells.cloud.family\cells.cloud-sdk-php\test\Api\AutoFilterControllerTest.php" line="300" assertions="1" time="2.858770"/>
      <testcase name="testPostWorksheetMatchNonBlanks" class="Aspose\Cells\Cloud\AutoFilterControllerTest" classname="Aspose.Cells.Cloud.AutoFilterControllerTest" file="D:\cells.cloud.family\cells.cloud-sdk-php\test\Api\AutoFilterControllerTest.php" line="325" assertions="1" time="3.045889"/>
      <testcase name="testPostWorksheetAutoFilterRefresh" class="Aspose\Cells\Cloud\AutoFilterControllerTest" classname="Aspose.Cells.Cloud.AutoFilterControllerTest" file="D:\cells.cloud.family\cells.cloud-sdk-php\test\Api\AutoFilterControllerTest.php" line="350" assertions="1" time="3.261760"/>
      <testcase name="testDeleteWorksheetDateFilter" class="Aspose\Cells\Cloud\AutoFilterControllerTest" classname="Aspose.Cells.Cloud.AutoFilterControllerTest" file="D:\cells.cloud.family\cells.cloud-sdk-php\test\Api\AutoFilterControllerTest.php" line="374" assertions="1" time="3.231179"/>
      <testcase name="testDeleteWorksheetFilter" class="Aspose\Cells\Cloud\AutoFilterControllerTest" classname="Aspose.Cells.Cloud.AutoFilterControllerTest" file="D:\cells.cloud.family\cells.cloud-sdk-php\test\Api\AutoFilterControllerTest.php" line="401" assertions="1" time="2.985177"/>
    </testsuite>
    <testsuite name="Aspose\Cells\Cloud\BatchControllerTest" file="D:\cells.cloud.family\cells.cloud-sdk-php\test\Api\BatchControllerTest.php" tests="4" assertions="4" errors="0" warnings="0" failures="0" skipped="0" time="19.549931">
      <testcase name="testPostBatchConvert" class="Aspose\Cells\Cloud\BatchControllerTest" classname="Aspose.Cells.Cloud.BatchControllerTest" file="D:\cells.cloud.family\cells.cloud-sdk-php\test\Api\BatchControllerTest.php" line="49" assertions="1" time="5.437016"/>
      <testcase name="testPostBatchProtect" class="Aspose\Cells\Cloud\BatchControllerTest" classname="Aspose.Cells.Cloud.BatchControllerTest" file="D:\cells.cloud.family\cells.cloud-sdk-php\test\Api\BatchControllerTest.php" line="80" assertions="1" time="4.311697"/>
      <testcase name="testPostBatchLock" class="Aspose\Cells\Cloud\BatchControllerTest" classname="Aspose.Cells.Cloud.BatchControllerTest" file="D:\cells.cloud.family\cells.cloud-sdk-php\test\Api\BatchControllerTest.php" line="112" assertions="1" time="4.609589"/>
      <testcase name="testPostBatchUnlock" class="Aspose\Cells\Cloud\BatchControllerTest" classname="Aspose.Cells.Cloud.BatchControllerTest" file="D:\cells.cloud.family\cells.cloud-sdk-php\test\Api\BatchControllerTest.php" line="143" assertions="1" time="5.191629"/>
    </testsuite>
    <testsuite name="Aspose\Cells\Cloud\CellsControllerTest" file="D:\cells.cloud.family\cells.cloud-sdk-php\test\Api\CellsControllerTest.php" tests="40" assertions="40" errors="0" warnings="0" failures="0" skipped="0" time="123.775901">
      <testcase name="testPostClearContents" class="Aspose\Cells\Cloud\CellsControllerTest" classname="Aspose.Cells.Cloud.CellsControllerTest" file="D:\cells.cloud.family\cells.cloud-sdk-php\test\Api\CellsControllerTest.php" line="85" assertions="1" time="3.245318"/>
      <testcase name="testPostClearFormats" class="Aspose\Cells\Cloud\CellsControllerTest" classname="Aspose.Cells.Cloud.CellsControllerTest" file="D:\cells.cloud.family\cells.cloud-sdk-php\test\Api\CellsControllerTest.php" line="114" assertions="1" time="4.812929"/>
      <testcase name="testPostUpdateWorksheetRangeStyle" class="Aspose\Cells\Cloud\CellsControllerTest" classname="Aspose.Cells.Cloud.CellsControllerTest" file="D:\cells.cloud.family\cells.cloud-sdk-php\test\Api\CellsControllerTest.php" line="143" assertions="1" time="3.289558"/>
      <testcase name="testPostWorksheetMerge" class="Aspose\Cells\Cloud\CellsControllerTest" classname="Aspose.Cells.Cloud.CellsControllerTest" file="D:\cells.cloud.family\cells.cloud-sdk-php\test\Api\CellsControllerTest.php" line="173" assertions="1" time="3.009472"/>
      <testcase name="testPostWorksheetUnmerge" class="Aspose\Cells\Cloud\CellsControllerTest" classname="Aspose.Cells.Cloud.CellsControllerTest" file="D:\cells.cloud.family\cells.cloud-sdk-php\test\Api\CellsControllerTest.php" line="201" assertions="1" time="3.557878"/>
      <testcase name="testGetWorksheetCells" class="Aspose\Cells\Cloud\CellsControllerTest" classname="Aspose.Cells.Cloud.CellsControllerTest" file="D:\cells.cloud.family\cells.cloud-sdk-php\test\Api\CellsControllerTest.php" line="229" assertions="1" time="2.469286"/>
      <testcase name="testGetWorksheetCell" class="Aspose\Cells\Cloud\CellsControllerTest" classname="Aspose.Cells.Cloud.CellsControllerTest" file="D:\cells.cloud.family\cells.cloud-sdk-php\test\Api\CellsControllerTest.php" line="255" assertions="1" time="2.815876"/>
      <testcase name="testGetWorksheetCellStyle" class="Aspose\Cells\Cloud\CellsControllerTest" classname="Aspose.Cells.Cloud.CellsControllerTest" file="D:\cells.cloud.family\cells.cloud-sdk-php\test\Api\CellsControllerTest.php" line="280" assertions="1" time="2.397818"/>
      <testcase name="testPostWorksheetCellSetValue" class="Aspose\Cells\Cloud\CellsControllerTest" classname="Aspose.Cells.Cloud.CellsControllerTest" file="D:\cells.cloud.family\cells.cloud-sdk-php\test\Api\CellsControllerTest.php" line="305" assertions="1" time="2.958595"/>
      <testcase name="testPostUpdateWorksheetCellStyle" class="Aspose\Cells\Cloud\CellsControllerTest" classname="Aspose.Cells.Cloud.CellsControllerTest" file="D:\cells.cloud.family\cells.cloud-sdk-php\test\Api\CellsControllerTest.php" line="332" assertions="1" time="3.105541"/>
      <testcase name="testPostSetCellRangeValue" class="Aspose\Cells\Cloud\CellsControllerTest" classname="Aspose.Cells.Cloud.CellsControllerTest" file="D:\cells.cloud.family\cells.cloud-sdk-php\test\Api\CellsControllerTest.php" line="362" assertions="1" time="3.969329"/>
      <testcase name="testPostCopyCellIntoCell" class="Aspose\Cells\Cloud\CellsControllerTest" classname="Aspose.Cells.Cloud.CellsControllerTest" file="D:\cells.cloud.family\cells.cloud-sdk-php\test\Api\CellsControllerTest.php" line="389" assertions="1" time="3.027243"/>
      <testcase name="testGetCellHtmlString" class="Aspose\Cells\Cloud\CellsControllerTest" classname="Aspose.Cells.Cloud.CellsControllerTest" file="D:\cells.cloud.family\cells.cloud-sdk-php\test\Api\CellsControllerTest.php" line="418" assertions="1" time="3.010212"/>
      <testcase name="testPostSetCellHtmlString" class="Aspose\Cells\Cloud\CellsControllerTest" classname="Aspose.Cells.Cloud.CellsControllerTest" file="D:\cells.cloud.family\cells.cloud-sdk-php\test\Api\CellsControllerTest.php" line="443" assertions="1" time="3.039351"/>
      <testcase name="testPostCellCalculate" class="Aspose\Cells\Cloud\CellsControllerTest" classname="Aspose.Cells.Cloud.CellsControllerTest" file="D:\cells.cloud.family\cells.cloud-sdk-php\test\Api\CellsControllerTest.php" line="468" assertions="1" time="3.370549"/>
      <testcase name="testPostCellCharacters" class="Aspose\Cells\Cloud\CellsControllerTest" classname="Aspose.Cells.Cloud.CellsControllerTest" file="D:\cells.cloud.family\cells.cloud-sdk-php\test\Api\CellsControllerTest.php" line="497" assertions="1" time="3.168297"/>
      <testcase name="testGetWorksheetColumns" class="Aspose\Cells\Cloud\CellsControllerTest" classname="Aspose.Cells.Cloud.CellsControllerTest" file="D:\cells.cloud.family\cells.cloud-sdk-php\test\Api\CellsControllerTest.php" line="533" assertions="1" time="2.387478"/>
      <testcase name="testPostSetWorksheetColumnWidth" class="Aspose\Cells\Cloud\CellsControllerTest" classname="Aspose.Cells.Cloud.CellsControllerTest" file="D:\cells.cloud.family\cells.cloud-sdk-php\test\Api\CellsControllerTest.php" line="559" assertions="1" time="3.275801"/>
      <testcase name="testGetWorksheetColumn" class="Aspose\Cells\Cloud\CellsControllerTest" classname="Aspose.Cells.Cloud.CellsControllerTest" file="D:\cells.cloud.family\cells.cloud-sdk-php\test\Api\CellsControllerTest.php" line="586" assertions="1" time="2.476756"/>
      <testcase name="testPutInsertWorksheetColumns" class="Aspose\Cells\Cloud\CellsControllerTest" classname="Aspose.Cells.Cloud.CellsControllerTest" file="D:\cells.cloud.family\cells.cloud-sdk-php\test\Api\CellsControllerTest.php" line="611" assertions="1" time="2.936725"/>
      <testcase name="testDeleteWorksheetColumns" class="Aspose\Cells\Cloud\CellsControllerTest" classname="Aspose.Cells.Cloud.CellsControllerTest" file="D:\cells.cloud.family\cells.cloud-sdk-php\test\Api\CellsControllerTest.php" line="638" assertions="1" time="3.063828"/>
      <testcase name="testPostHideWorksheetColumns" class="Aspose\Cells\Cloud\CellsControllerTest" classname="Aspose.Cells.Cloud.CellsControllerTest" file="D:\cells.cloud.family\cells.cloud-sdk-php\test\Api\CellsControllerTest.php" line="665" assertions="1" time="3.077981"/>
      <testcase name="testPostUnhideWorksheetColumns" class="Aspose\Cells\Cloud\CellsControllerTest" classname="Aspose.Cells.Cloud.CellsControllerTest" file="D:\cells.cloud.family\cells.cloud-sdk-php\test\Api\CellsControllerTest.php" line="691" assertions="1" time="3.008331"/>
      <testcase name="testPostGroupWorksheetColumns" class="Aspose\Cells\Cloud\CellsControllerTest" classname="Aspose.Cells.Cloud.CellsControllerTest" file="D:\cells.cloud.family\cells.cloud-sdk-php\test\Api\CellsControllerTest.php" line="718" assertions="1" time="2.877730"/>
      <testcase name="testPostUngroupWorksheetColumns" class="Aspose\Cells\Cloud\CellsControllerTest" classname="Aspose.Cells.Cloud.CellsControllerTest" file="D:\cells.cloud.family\cells.cloud-sdk-php\test\Api\CellsControllerTest.php" line="745" assertions="1" time="2.923400"/>
      <testcase name="testPostCopyWorksheetColumns" class="Aspose\Cells\Cloud\CellsControllerTest" classname="Aspose.Cells.Cloud.CellsControllerTest" file="D:\cells.cloud.family\cells.cloud-sdk-php\test\Api\CellsControllerTest.php" line="771" assertions="1" time="2.877356"/>
      <testcase name="testPostColumnStyle" class="Aspose\Cells\Cloud\CellsControllerTest" classname="Aspose.Cells.Cloud.CellsControllerTest" file="D:\cells.cloud.family\cells.cloud-sdk-php\test\Api\CellsControllerTest.php" line="799" assertions="1" time="3.235623"/>
      <testcase name="testGetWorksheetRows" class="Aspose\Cells\Cloud\CellsControllerTest" classname="Aspose.Cells.Cloud.CellsControllerTest" file="D:\cells.cloud.family\cells.cloud-sdk-php\test\Api\CellsControllerTest.php" line="829" assertions="1" time="3.054934"/>
      <testcase name="testGetWorksheetRow" class="Aspose\Cells\Cloud\CellsControllerTest" classname="Aspose.Cells.Cloud.CellsControllerTest" file="D:\cells.cloud.family\cells.cloud-sdk-php\test\Api\CellsControllerTest.php" line="855" assertions="1" time="2.398902"/>
      <testcase name="testDeleteWorksheetRow" class="Aspose\Cells\Cloud\CellsControllerTest" classname="Aspose.Cells.Cloud.CellsControllerTest" file="D:\cells.cloud.family\cells.cloud-sdk-php\test\Api\CellsControllerTest.php" line="880" assertions="1" time="2.981105"/>
      <testcase name="testDeleteWorksheetRows" class="Aspose\Cells\Cloud\CellsControllerTest" classname="Aspose.Cells.Cloud.CellsControllerTest" file="D:\cells.cloud.family\cells.cloud-sdk-php\test\Api\CellsControllerTest.php" line="905" assertions="1" time="3.510528"/>
      <testcase name="testPutInsertWorksheetRows" class="Aspose\Cells\Cloud\CellsControllerTest" classname="Aspose.Cells.Cloud.CellsControllerTest" file="D:\cells.cloud.family\cells.cloud-sdk-php\test\Api\CellsControllerTest.php" line="932" assertions="1" time="2.899012"/>
      <testcase name="testPutInsertWorksheetRow" class="Aspose\Cells\Cloud\CellsControllerTest" classname="Aspose.Cells.Cloud.CellsControllerTest" file="D:\cells.cloud.family\cells.cloud-sdk-php\test\Api\CellsControllerTest.php" line="959" assertions="1" time="3.230697"/>
      <testcase name="testPostUpdateWorksheetRow" class="Aspose\Cells\Cloud\CellsControllerTest" classname="Aspose.Cells.Cloud.CellsControllerTest" file="D:\cells.cloud.family\cells.cloud-sdk-php\test\Api\CellsControllerTest.php" line="984" assertions="1" time="3.344889"/>
      <testcase name="testPostHideWorksheetRows" class="Aspose\Cells\Cloud\CellsControllerTest" classname="Aspose.Cells.Cloud.CellsControllerTest" file="D:\cells.cloud.family\cells.cloud-sdk-php\test\Api\CellsControllerTest.php" line="1011" assertions="1" time="3.075285"/>
      <testcase name="testPostUnhideWorksheetRows" class="Aspose\Cells\Cloud\CellsControllerTest" classname="Aspose.Cells.Cloud.CellsControllerTest" file="D:\cells.cloud.family\cells.cloud-sdk-php\test\Api\CellsControllerTest.php" line="1037" assertions="1" time="2.893237"/>
      <testcase name="testPostGroupWorksheetRows" class="Aspose\Cells\Cloud\CellsControllerTest" classname="Aspose.Cells.Cloud.CellsControllerTest" file="D:\cells.cloud.family\cells.cloud-sdk-php\test\Api\CellsControllerTest.php" line="1064" assertions="1" time="3.411903"/>
      <testcase name="testPostUngroupWorksheetRows" class="Aspose\Cells\Cloud\CellsControllerTest" classname="Aspose.Cells.Cloud.CellsControllerTest" file="D:\cells.cloud.family\cells.cloud-sdk-php\test\Api\CellsControllerTest.php" line="1091" assertions="1" time="3.134984"/>
      <testcase name="testPostCopyWorksheetRows" class="Aspose\Cells\Cloud\CellsControllerTest" classname="Aspose.Cells.Cloud.CellsControllerTest" file="D:\cells.cloud.family\cells.cloud-sdk-php\test\Api\CellsControllerTest.php" line="1118" assertions="1" time="3.483718"/>
      <testcase name="testPostRowStyle" class="Aspose\Cells\Cloud\CellsControllerTest" classname="Aspose.Cells.Cloud.CellsControllerTest" file="D:\cells.cloud.family\cells.cloud-sdk-php\test\Api\CellsControllerTest.php" line="1146" assertions="1" time="2.968446"/>
    </testsuite>
    <testsuite name="Aspose\Cells\Cloud\CellsStatusControllerTest" file="D:\cells.cloud.family\cells.cloud-sdk-php\test\Api\CellsStatusControllerTest.php" tests="2" assertions="2" errors="0" warnings="0" failures="0" skipped="0" time="5.246619">
      <testcase name="testGetCellsCloudServicesHealthCheck" class="Aspose\Cells\Cloud\CellsStatusControllerTest" classname="Aspose.Cells.Cloud.CellsStatusControllerTest" file="D:\cells.cloud.family\cells.cloud-sdk-php\test\Api\CellsStatusControllerTest.php" line="47" assertions="1" time="2.562937"/>
      <testcase name="testGetCellsCloudServiceStatus" class="Aspose\Cells\Cloud\CellsStatusControllerTest" classname="Aspose.Cells.Cloud.CellsStatusControllerTest" file="D:\cells.cloud.family\cells.cloud-sdk-php\test\Api\CellsStatusControllerTest.php" line="67" assertions="1" time="2.683682"/>
    </testsuite>
    <testsuite name="Aspose\Cells\Cloud\ChartAreaControllerTest" file="D:\cells.cloud.family\cells.cloud-sdk-php\test\Api\ChartAreaControllerTest.php" tests="3" assertions="3" errors="0" warnings="0" failures="0" skipped="0" time="8.282088">
      <testcase name="testGetChartArea" class="Aspose\Cells\Cloud\ChartAreaControllerTest" classname="Aspose.Cells.Cloud.ChartAreaControllerTest" file="D:\cells.cloud.family\cells.cloud-sdk-php\test\Api\ChartAreaControllerTest.php" line="48" assertions="1" time="2.705926"/>
      <testcase name="testGetChartAreaFillFormat" class="Aspose\Cells\Cloud\ChartAreaControllerTest" classname="Aspose.Cells.Cloud.ChartAreaControllerTest" file="D:\cells.cloud.family\cells.cloud-sdk-php\test\Api\ChartAreaControllerTest.php" line="73" assertions="1" time="2.994846"/>
      <testcase name="testGetChartAreaBorder" class="Aspose\Cells\Cloud\ChartAreaControllerTest" classname="Aspose.Cells.Cloud.ChartAreaControllerTest" file="D:\cells.cloud.family\cells.cloud-sdk-php\test\Api\ChartAreaControllerTest.php" line="98" assertions="1" time="2.581316"/>
    </testsuite>
    <testsuite name="Aspose\Cells\Cloud\ChartsControllerTest" file="D:\cells.cloud.family\cells.cloud-sdk-php\test\Api\ChartsControllerTest.php" tests="14" assertions="14" errors="0" warnings="0" failures="0" skipped="0" time="53.204088">
      <testcase name="testGetWorksheetCharts" class="Aspose\Cells\Cloud\ChartsControllerTest" classname="Aspose.Cells.Cloud.ChartsControllerTest" file="D:\cells.cloud.family\cells.cloud-sdk-php\test\Api\ChartsControllerTest.php" line="59" assertions="1" time="2.757582"/>
      <testcase name="testGetWorksheetChart" class="Aspose\Cells\Cloud\ChartsControllerTest" classname="Aspose.Cells.Cloud.ChartsControllerTest" file="D:\cells.cloud.family\cells.cloud-sdk-php\test\Api\ChartsControllerTest.php" line="83" assertions="1" time="3.616074"/>
      <testcase name="testPutWorksheetChart" class="Aspose\Cells\Cloud\ChartsControllerTest" classname="Aspose.Cells.Cloud.ChartsControllerTest" file="D:\cells.cloud.family\cells.cloud-sdk-php\test\Api\ChartsControllerTest.php" line="109" assertions="1" time="3.181498"/>
      <testcase name="testDeleteWorksheetChart" class="Aspose\Cells\Cloud\ChartsControllerTest" classname="Aspose.Cells.Cloud.ChartsControllerTest" file="D:\cells.cloud.family\cells.cloud-sdk-php\test\Api\ChartsControllerTest.php" line="141" assertions="1" time="3.591237"/>
      <testcase name="testPostWorksheetChart" class="Aspose\Cells\Cloud\ChartsControllerTest" classname="Aspose.Cells.Cloud.ChartsControllerTest" file="D:\cells.cloud.family\cells.cloud-sdk-php\test\Api\ChartsControllerTest.php" line="166" assertions="1" time="3.183530"/>
      <testcase name="testGetWorksheetChartLegend" class="Aspose\Cells\Cloud\ChartsControllerTest" classname="Aspose.Cells.Cloud.ChartsControllerTest" file="D:\cells.cloud.family\cells.cloud-sdk-php\test\Api\ChartsControllerTest.php" line="195" assertions="1" time="2.558261"/>
      <testcase name="testPostWorksheetChartLegend" class="Aspose\Cells\Cloud\ChartsControllerTest" classname="Aspose.Cells.Cloud.ChartsControllerTest" file="D:\cells.cloud.family\cells.cloud-sdk-php\test\Api\ChartsControllerTest.php" line="220" assertions="1" time="3.971155"/>
      <testcase name="testPutWorksheetChartLegend" class="Aspose\Cells\Cloud\ChartsControllerTest" classname="Aspose.Cells.Cloud.ChartsControllerTest" file="D:\cells.cloud.family\cells.cloud-sdk-php\test\Api\ChartsControllerTest.php" line="248" assertions="1" time="3.986381"/>
      <testcase name="testDeleteWorksheetChartLegend" class="Aspose\Cells\Cloud\ChartsControllerTest" classname="Aspose.Cells.Cloud.ChartsControllerTest" file="D:\cells.cloud.family\cells.cloud-sdk-php\test\Api\ChartsControllerTest.php" line="273" assertions="1" time="4.371700"/>
      <testcase name="testDeleteWorksheetCharts" class="Aspose\Cells\Cloud\ChartsControllerTest" classname="Aspose.Cells.Cloud.ChartsControllerTest" file="D:\cells.cloud.family\cells.cloud-sdk-php\test\Api\ChartsControllerTest.php" line="298" assertions="1" time="3.963730"/>
      <testcase name="testGetWorksheetChartTitle" class="Aspose\Cells\Cloud\ChartsControllerTest" classname="Aspose.Cells.Cloud.ChartsControllerTest" file="D:\cells.cloud.family\cells.cloud-sdk-php\test\Api\ChartsControllerTest.php" line="322" assertions="1" time="3.144021"/>
      <testcase name="testPostWorksheetChartTitle" class="Aspose\Cells\Cloud\ChartsControllerTest" classname="Aspose.Cells.Cloud.ChartsControllerTest" file="D:\cells.cloud.family\cells.cloud-sdk-php\test\Api\ChartsControllerTest.php" line="347" assertions="1" time="4.078994"/>
      <testcase name="testPutWorksheetChartTitle" class="Aspose\Cells\Cloud\ChartsControllerTest" classname="Aspose.Cells.Cloud.ChartsControllerTest" file="D:\cells.cloud.family\cells.cloud-sdk-php\test\Api\ChartsControllerTest.php" line="375" assertions="1" time="3.469532"/>
      <testcase name="testDeleteWorksheetChartTitle" class="Aspose\Cells\Cloud\ChartsControllerTest" classname="Aspose.Cells.Cloud.ChartsControllerTest" file="D:\cells.cloud.family\cells.cloud-sdk-php\test\Api\ChartsControllerTest.php" line="403" assertions="1" time="7.330393"/>
    </testsuite>
    <testsuite name="Aspose\Cells\Cloud\ConditionalFormattingsControllerTest" file="D:\cells.cloud.family\cells.cloud-sdk-php\test\Api\ConditionalFormattingsControllerTest.php" tests="9" assertions="9" errors="0" warnings="0" failures="0" skipped="0" time="29.163299">
      <testcase name="testGetWorksheetConditionalFormattings" class="Aspose\Cells\Cloud\ConditionalFormattingsControllerTest" classname="Aspose.Cells.Cloud.ConditionalFormattingsControllerTest" file="D:\cells.cloud.family\cells.cloud-sdk-php\test\Api\ConditionalFormattingsControllerTest.php" line="54" assertions="1" time="2.993819"/>
      <testcase name="testGetWorksheetConditionalFormatting" class="Aspose\Cells\Cloud\ConditionalFormattingsControllerTest" classname="Aspose.Cells.Cloud.ConditionalFormattingsControllerTest" file="D:\cells.cloud.family\cells.cloud-sdk-php\test\Api\ConditionalFormattingsControllerTest.php" line="78" assertions="1" time="3.450206"/>
      <testcase name="testPutWorksheetConditionalFormatting" class="Aspose\Cells\Cloud\ConditionalFormattingsControllerTest" classname="Aspose.Cells.Cloud.ConditionalFormattingsControllerTest" file="D:\cells.cloud.family\cells.cloud-sdk-php\test\Api\ConditionalFormattingsControllerTest.php" line="103" assertions="1" time="3.426197"/>
      <testcase name="testPutWorksheetFormatCondition" class="Aspose\Cells\Cloud\ConditionalFormattingsControllerTest" classname="Aspose.Cells.Cloud.ConditionalFormattingsControllerTest" file="D:\cells.cloud.family\cells.cloud-sdk-php\test\Api\ConditionalFormattingsControllerTest.php" line="134" assertions="1" time="3.186326"/>
      <testcase name="testPutWorksheetFormatConditionArea" class="Aspose\Cells\Cloud\ConditionalFormattingsControllerTest" classname="Aspose.Cells.Cloud.ConditionalFormattingsControllerTest" file="D:\cells.cloud.family\cells.cloud-sdk-php\test\Api\ConditionalFormattingsControllerTest.php" line="164" assertions="1" time="3.078667"/>
      <testcase name="testPutWorksheetFormatConditionCondition" class="Aspose\Cells\Cloud\ConditionalFormattingsControllerTest" classname="Aspose.Cells.Cloud.ConditionalFormattingsControllerTest" file="D:\cells.cloud.family\cells.cloud-sdk-php\test\Api\ConditionalFormattingsControllerTest.php" line="190" assertions="1" time="3.292743"/>
      <testcase name="testDeleteWorksheetConditionalFormattings" class="Aspose\Cells\Cloud\ConditionalFormattingsControllerTest" classname="Aspose.Cells.Cloud.ConditionalFormattingsControllerTest" file="D:\cells.cloud.family\cells.cloud-sdk-php\test\Api\ConditionalFormattingsControllerTest.php" line="219" assertions="1" time="3.597467"/>
      <testcase name="testDeleteWorksheetConditionalFormatting" class="Aspose\Cells\Cloud\ConditionalFormattingsControllerTest" classname="Aspose.Cells.Cloud.ConditionalFormattingsControllerTest" file="D:\cells.cloud.family\cells.cloud-sdk-php\test\Api\ConditionalFormattingsControllerTest.php" line="243" assertions="1" time="3.039878"/>
      <testcase name="testDeleteWorksheetConditionalFormattingArea" class="Aspose\Cells\Cloud\ConditionalFormattingsControllerTest" classname="Aspose.Cells.Cloud.ConditionalFormattingsControllerTest" file="D:\cells.cloud.family\cells.cloud-sdk-php\test\Api\ConditionalFormattingsControllerTest.php" line="268" assertions="1" time="3.097996"/>
    </testsuite>
    <testsuite name="Aspose\Cells\Cloud\DataProcessingControllerTest" file="D:\cells.cloud.family\cells.cloud-sdk-php\test\Api\DataProcessingControllerTest.php" tests="4" assertions="4" errors="0" warnings="0" failures="0" skipped="0" time="9.047974">
      <testcase name="testPostWorkbookDataCleansing" class="Aspose\Cells\Cloud\DataProcessingControllerTest" classname="Aspose.Cells.Cloud.DataProcessingControllerTest" file="D:\cells.cloud.family\cells.cloud-sdk-php\test\Api\DataProcessingControllerTest.php" line="49" assertions="1" time="2.200067"/>
      <testcase name="testPostWorkbookDataDeduplication" class="Aspose\Cells\Cloud\DataProcessingControllerTest" classname="Aspose.Cells.Cloud.DataProcessingControllerTest" file="D:\cells.cloud.family\cells.cloud-sdk-php\test\Api\DataProcessingControllerTest.php" line="82" assertions="1" time="2.158742"/>
      <testcase name="testPostWorkbookDataFill" class="Aspose\Cells\Cloud\DataProcessingControllerTest" classname="Aspose.Cells.Cloud.DataProcessingControllerTest" file="D:\cells.cloud.family\cells.cloud-sdk-php\test\Api\DataProcessingControllerTest.php" line="108" assertions="1" time="2.146488"/>
      <testcase name="testPostDataTransformation" class="Aspose\Cells\Cloud\DataProcessingControllerTest" classname="Aspose.Cells.Cloud.DataProcessingControllerTest" file="D:\cells.cloud.family\cells.cloud-sdk-php\test\Api\DataProcessingControllerTest.php" line="138" assertions="1" time="2.542677"/>
    </testsuite>
    <testsuite name="Aspose\Cells\Cloud\FileControllerTest" file="D:\cells.cloud.family\cells.cloud-sdk-php\test\Api\FileControllerTest.php" tests="5" assertions="5" errors="0" warnings="0" failures="0" skipped="0" time="55.153956">
      <testcase name="testDownloadFile" class="Aspose\Cells\Cloud\FileControllerTest" classname="Aspose.Cells.Cloud.FileControllerTest" file="D:\cells.cloud.family\cells.cloud-sdk-php\test\Api\FileControllerTest.php" line="50" assertions="1" time="8.130228"/>
      <testcase name="testUploadFile" class="Aspose\Cells\Cloud\FileControllerTest" classname="Aspose.Cells.Cloud.FileControllerTest" file="D:\cells.cloud.family\cells.cloud-sdk-php\test\Api\FileControllerTest.php" line="73" assertions="1" time="3.259913"/>
      <testcase name="testCopyFile" class="Aspose\Cells\Cloud\FileControllerTest" classname="Aspose.Cells.Cloud.FileControllerTest" file="D:\cells.cloud.family\cells.cloud-sdk-php\test\Api\FileControllerTest.php" line="98" assertions="1" time="3.443164"/>
      <testcase name="testMoveFile" class="Aspose\Cells\Cloud\FileControllerTest" classname="Aspose.Cells.Cloud.FileControllerTest" file="D:\cells.cloud.family\cells.cloud-sdk-php\test\Api\FileControllerTest.php" line="123" assertions="1" time="37.291270"/>
      <testcase name="testDeleteFile" class="Aspose\Cells\Cloud\FileControllerTest" classname="Aspose.Cells.Cloud.FileControllerTest" file="D:\cells.cloud.family\cells.cloud-sdk-php\test\Api\FileControllerTest.php" line="148" assertions="1" time="3.029381"/>
    </testsuite>
    <testsuite name="Aspose\Cells\Cloud\FolderControllerTest" file="D:\cells.cloud.family\cells.cloud-sdk-php\test\Api\FolderControllerTest.php" tests="5" assertions="5" errors="0" warnings="0" failures="0" skipped="0" time="28.399604">
      <testcase name="testGetFilesList" class="Aspose\Cells\Cloud\FolderControllerTest" classname="Aspose.Cells.Cloud.FolderControllerTest" file="D:\cells.cloud.family\cells.cloud-sdk-php\test\Api\FolderControllerTest.php" line="50" assertions="1" time="2.774149"/>
      <testcase name="testCreateFolder" class="Aspose\Cells\Cloud\FolderControllerTest" classname="Aspose.Cells.Cloud.FolderControllerTest" file="D:\cells.cloud.family\cells.cloud-sdk-php\test\Api\FolderControllerTest.php" line="72" assertions="1" time="3.094526"/>
      <testcase name="testCopyFolder" class="Aspose\Cells\Cloud\FolderControllerTest" classname="Aspose.Cells.Cloud.FolderControllerTest" file="D:\cells.cloud.family\cells.cloud-sdk-php\test\Api\FolderControllerTest.php" line="94" assertions="1" time="5.883844"/>
      <testcase name="testMoveFolder" class="Aspose\Cells\Cloud\FolderControllerTest" classname="Aspose.Cells.Cloud.FolderControllerTest" file="D:\cells.cloud.family\cells.cloud-sdk-php\test\Api\FolderControllerTest.php" line="118" assertions="1" time="12.776595"/>
      <testcase name="testDeleteFolder" class="Aspose\Cells\Cloud\FolderControllerTest" classname="Aspose.Cells.Cloud.FolderControllerTest" file="D:\cells.cloud.family\cells.cloud-sdk-php\test\Api\FolderControllerTest.php" line="142" assertions="1" time="3.870490"/>
    </testsuite>
    <testsuite name="Aspose\Cells\Cloud\HypelinksControllerTest" file="D:\cells.cloud.family\cells.cloud-sdk-php\test\Api\HypelinksControllerTest.php" tests="6" assertions="6" errors="0" warnings="0" failures="0" skipped="0" time="19.721485">
      <testcase name="testGetWorksheetHyperlinks" class="Aspose\Cells\Cloud\HypelinksControllerTest" classname="Aspose.Cells.Cloud.HypelinksControllerTest" file="D:\cells.cloud.family\cells.cloud-sdk-php\test\Api\HypelinksControllerTest.php" line="51" assertions="1" time="3.491219"/>
      <testcase name="testGetWorksheetHyperlink" class="Aspose\Cells\Cloud\HypelinksControllerTest" classname="Aspose.Cells.Cloud.HypelinksControllerTest" file="D:\cells.cloud.family\cells.cloud-sdk-php\test\Api\HypelinksControllerTest.php" line="75" assertions="1" time="2.832089"/>
      <testcase name="testDeleteWorksheetHyperlink" class="Aspose\Cells\Cloud\HypelinksControllerTest" classname="Aspose.Cells.Cloud.HypelinksControllerTest" file="D:\cells.cloud.family\cells.cloud-sdk-php\test\Api\HypelinksControllerTest.php" line="100" assertions="1" time="3.171905"/>
      <testcase name="testPostWorksheetHyperlink" class="Aspose\Cells\Cloud\HypelinksControllerTest" classname="Aspose.Cells.Cloud.HypelinksControllerTest" file="D:\cells.cloud.family\cells.cloud-sdk-php\test\Api\HypelinksControllerTest.php" line="125" assertions="1" time="3.955256"/>
      <testcase name="testPutWorksheetHyperlink" class="Aspose\Cells\Cloud\HypelinksControllerTest" classname="Aspose.Cells.Cloud.HypelinksControllerTest" file="D:\cells.cloud.family\cells.cloud-sdk-php\test\Api\HypelinksControllerTest.php" line="153" assertions="1" time="2.895912"/>
      <testcase name="testDeleteWorksheetHyperlinks" class="Aspose\Cells\Cloud\HypelinksControllerTest" classname="Aspose.Cells.Cloud.HypelinksControllerTest" file="D:\cells.cloud.family\cells.cloud-sdk-php\test\Api\HypelinksControllerTest.php" line="182" assertions="1" time="3.375104"/>
    </testsuite>
    <testsuite name="Aspose\Cells\Cloud\ListObjectsControllerTest" file="D:\cells.cloud.family\cells.cloud-sdk-php\test\Api\ListObjectsControllerTest.php" tests="13" assertions="13" errors="0" warnings="0" failures="0" skipped="0" time="41.850043">
      <testcase name="testGetWorksheetListObjects" class="Aspose\Cells\Cloud\ListObjectsControllerTest" classname="Aspose.Cells.Cloud.ListObjectsControllerTest" file="D:\cells.cloud.family\cells.cloud-sdk-php\test\Api\ListObjectsControllerTest.php" line="58" assertions="1" time="2.348902"/>
      <testcase name="testGetWorksheetListObject" class="Aspose\Cells\Cloud\ListObjectsControllerTest" classname="Aspose.Cells.Cloud.ListObjectsControllerTest" file="D:\cells.cloud.family\cells.cloud-sdk-php\test\Api\ListObjectsControllerTest.php" line="82" assertions="1" time="2.947206"/>
      <testcase name="testPutWorksheetListObject" class="Aspose\Cells\Cloud\ListObjectsControllerTest" classname="Aspose.Cells.Cloud.ListObjectsControllerTest" file="D:\cells.cloud.family\cells.cloud-sdk-php\test\Api\ListObjectsControllerTest.php" line="108" assertions="1" time="3.955631"/>
      <testcase name="testDeleteWorksheetListObjects" class="Aspose\Cells\Cloud\ListObjectsControllerTest" classname="Aspose.Cells.Cloud.ListObjectsControllerTest" file="D:\cells.cloud.family\cells.cloud-sdk-php\test\Api\ListObjectsControllerTest.php" line="139" assertions="1" time="4.215355"/>
      <testcase name="testDeleteWorksheetListObject" class="Aspose\Cells\Cloud\ListObjectsControllerTest" classname="Aspose.Cells.Cloud.ListObjectsControllerTest" file="D:\cells.cloud.family\cells.cloud-sdk-php\test\Api\ListObjectsControllerTest.php" line="163" assertions="1" time="3.027599"/>
      <testcase name="testPostWorksheetListObject" class="Aspose\Cells\Cloud\ListObjectsControllerTest" classname="Aspose.Cells.Cloud.ListObjectsControllerTest" file="D:\cells.cloud.family\cells.cloud-sdk-php\test\Api\ListObjectsControllerTest.php" line="188" assertions="1" time="3.412085"/>
      <testcase name="testPostWorksheetListObjectConvertToRange" class="Aspose\Cells\Cloud\ListObjectsControllerTest" classname="Aspose.Cells.Cloud.ListObjectsControllerTest" file="D:\cells.cloud.family\cells.cloud-sdk-php\test\Api\ListObjectsControllerTest.php" line="216" assertions="1" time="3.364737"/>
      <testcase name="testPostWorksheetListObjectSummarizeWithPivotTable" class="Aspose\Cells\Cloud\ListObjectsControllerTest" classname="Aspose.Cells.Cloud.ListObjectsControllerTest" file="D:\cells.cloud.family\cells.cloud-sdk-php\test\Api\ListObjectsControllerTest.php" line="241" assertions="1" time="2.921678"/>
      <testcase name="testPostWorksheetListObjectSortTable" class="Aspose\Cells\Cloud\ListObjectsControllerTest" classname="Aspose.Cells.Cloud.ListObjectsControllerTest" file="D:\cells.cloud.family\cells.cloud-sdk-php\test\Api\ListObjectsControllerTest.php" line="285" assertions="1" time="3.932932"/>
      <testcase name="testPostWorksheetListColumn" class="Aspose\Cells\Cloud\ListObjectsControllerTest" classname="Aspose.Cells.Cloud.ListObjectsControllerTest" file="D:\cells.cloud.family\cells.cloud-sdk-php\test\Api\ListObjectsControllerTest.php" line="313" assertions="1" time="3.254404"/>
      <testcase name="testPostWorksheetListColumnsTotal" class="Aspose\Cells\Cloud\ListObjectsControllerTest" classname="Aspose.Cells.Cloud.ListObjectsControllerTest" file="D:\cells.cloud.family\cells.cloud-sdk-php\test\Api\ListObjectsControllerTest.php" line="342" assertions="1" time="3.292236"/>
      <testcase name="testPostWorksheetListObjectRemoveDuplicates" class="Aspose\Cells\Cloud\ListObjectsControllerTest" classname="Aspose.Cells.Cloud.ListObjectsControllerTest" file="D:\cells.cloud.family\cells.cloud-sdk-php\test\Api\ListObjectsControllerTest.php" line="374" assertions="1" time="2.855055"/>
      <testcase name="testPostWorksheetListObjectInsertSlicer" class="Aspose\Cells\Cloud\ListObjectsControllerTest" classname="Aspose.Cells.Cloud.ListObjectsControllerTest" file="D:\cells.cloud.family\cells.cloud-sdk-php\test\Api\ListObjectsControllerTest.php" line="399" assertions="1" time="2.322223"/>
    </testsuite>
    <testsuite name="Aspose\Cells\Cloud\OleObjectsControllerTest" file="D:\cells.cloud.family\cells.cloud-sdk-php\test\Api\OleObjectsControllerTest.php" tests="6" assertions="6" errors="0" warnings="0" failures="0" skipped="0" time="19.616480">
      <testcase name="testGetWorksheetOleObjects" class="Aspose\Cells\Cloud\OleObjectsControllerTest" classname="Aspose.Cells.Cloud.OleObjectsControllerTest" file="D:\cells.cloud.family\cells.cloud-sdk-php\test\Api\OleObjectsControllerTest.php" line="51" assertions="1" time="2.472035"/>
      <testcase name="testGetWorksheetOleObject" class="Aspose\Cells\Cloud\OleObjectsControllerTest" classname="Aspose.Cells.Cloud.OleObjectsControllerTest" file="D:\cells.cloud.family\cells.cloud-sdk-php\test\Api\OleObjectsControllerTest.php" line="75" assertions="1" time="3.312719"/>
      <testcase name="testDeleteWorksheetOleObjects" class="Aspose\Cells\Cloud\OleObjectsControllerTest" classname="Aspose.Cells.Cloud.OleObjectsControllerTest" file="D:\cells.cloud.family\cells.cloud-sdk-php\test\Api\OleObjectsControllerTest.php" line="101" assertions="1" time="3.208415"/>
      <testcase name="testDeleteWorksheetOleObject" class="Aspose\Cells\Cloud\OleObjectsControllerTest" classname="Aspose.Cells.Cloud.OleObjectsControllerTest" file="D:\cells.cloud.family\cells.cloud-sdk-php\test\Api\OleObjectsControllerTest.php" line="125" assertions="1" time="3.156898"/>
      <testcase name="testPostUpdateWorksheetOleObject" class="Aspose\Cells\Cloud\OleObjectsControllerTest" classname="Aspose.Cells.Cloud.OleObjectsControllerTest" file="D:\cells.cloud.family\cells.cloud-sdk-php\test\Api\OleObjectsControllerTest.php" line="150" assertions="1" time="3.304074"/>
      <testcase name="testPutWorksheetOleObject" class="Aspose\Cells\Cloud\OleObjectsControllerTest" classname="Aspose.Cells.Cloud.OleObjectsControllerTest" file="D:\cells.cloud.family\cells.cloud-sdk-php\test\Api\OleObjectsControllerTest.php" line="181" assertions="1" time="4.162339"/>
    </testsuite>
    <testsuite name="Aspose\Cells\Cloud\PageBreaksControllerTest" file="D:\cells.cloud.family\cells.cloud-sdk-php\test\Api\PageBreaksControllerTest.php" tests="10" assertions="10" errors="0" warnings="0" failures="0" skipped="0" time="31.569313">
      <testcase name="testGetVerticalPageBreaks" class="Aspose\Cells\Cloud\PageBreaksControllerTest" classname="Aspose.Cells.Cloud.PageBreaksControllerTest" file="D:\cells.cloud.family\cells.cloud-sdk-php\test\Api\PageBreaksControllerTest.php" line="55" assertions="1" time="2.592635"/>
      <testcase name="testGetHorizontalPageBreaks" class="Aspose\Cells\Cloud\PageBreaksControllerTest" classname="Aspose.Cells.Cloud.PageBreaksControllerTest" file="D:\cells.cloud.family\cells.cloud-sdk-php\test\Api\PageBreaksControllerTest.php" line="79" assertions="1" time="2.337078"/>
      <testcase name="testGetVerticalPageBreak" class="Aspose\Cells\Cloud\PageBreaksControllerTest" classname="Aspose.Cells.Cloud.PageBreaksControllerTest" file="D:\cells.cloud.family\cells.cloud-sdk-php\test\Api\PageBreaksControllerTest.php" line="103" assertions="1" time="2.921862"/>
      <testcase name="testGetHorizontalPageBreak" class="Aspose\Cells\Cloud\PageBreaksControllerTest" classname="Aspose.Cells.Cloud.PageBreaksControllerTest" file="D:\cells.cloud.family\cells.cloud-sdk-php\test\Api\PageBreaksControllerTest.php" line="128" assertions="1" time="2.763067"/>
      <testcase name="testPutVerticalPageBreak" class="Aspose\Cells\Cloud\PageBreaksControllerTest" classname="Aspose.Cells.Cloud.PageBreaksControllerTest" file="D:\cells.cloud.family\cells.cloud-sdk-php\test\Api\PageBreaksControllerTest.php" line="153" assertions="1" time="3.129091"/>
      <testcase name="testPutHorizontalPageBreak" class="Aspose\Cells\Cloud\PageBreaksControllerTest" classname="Aspose.Cells.Cloud.PageBreaksControllerTest" file="D:\cells.cloud.family\cells.cloud-sdk-php\test\Api\PageBreaksControllerTest.php" line="182" assertions="1" time="2.993714"/>
      <testcase name="testDeleteVerticalPageBreaks" class="Aspose\Cells\Cloud\PageBreaksControllerTest" classname="Aspose.Cells.Cloud.PageBreaksControllerTest" file="D:\cells.cloud.family\cells.cloud-sdk-php\test\Api\PageBreaksControllerTest.php" line="211" assertions="1" time="4.131101"/>
      <testcase name="testDeleteHorizontalPageBreaks" class="Aspose\Cells\Cloud\PageBreaksControllerTest" classname="Aspose.Cells.Cloud.PageBreaksControllerTest" file="D:\cells.cloud.family\cells.cloud-sdk-php\test\Api\PageBreaksControllerTest.php" line="236" assertions="1" time="4.202685"/>
      <testcase name="testDeleteVerticalPageBreak" class="Aspose\Cells\Cloud\PageBreaksControllerTest" classname="Aspose.Cells.Cloud.PageBreaksControllerTest" file="D:\cells.cloud.family\cells.cloud-sdk-php\test\Api\PageBreaksControllerTest.php" line="261" assertions="1" time="3.382099"/>
      <testcase name="testDeleteHorizontalPageBreak" class="Aspose\Cells\Cloud\PageBreaksControllerTest" classname="Aspose.Cells.Cloud.PageBreaksControllerTest" file="D:\cells.cloud.family\cells.cloud-sdk-php\test\Api\PageBreaksControllerTest.php" line="286" assertions="1" time="3.115981"/>
    </testsuite>
    <testsuite name="Aspose\Cells\Cloud\PageSetupControllerTest" file="D:\cells.cloud.family\cells.cloud-sdk-php\test\Api\PageSetupControllerTest.php" tests="9" assertions="9" errors="0" warnings="0" failures="0" skipped="0" time="27.270522">
      <testcase name="testGetPageSetup" class="Aspose\Cells\Cloud\PageSetupControllerTest" classname="Aspose.Cells.Cloud.PageSetupControllerTest" file="D:\cells.cloud.family\cells.cloud-sdk-php\test\Api\PageSetupControllerTest.php" line="54" assertions="1" time="2.438504"/>
      <testcase name="testPostPageSetup" class="Aspose\Cells\Cloud\PageSetupControllerTest" classname="Aspose.Cells.Cloud.PageSetupControllerTest" file="D:\cells.cloud.family\cells.cloud-sdk-php\test\Api\PageSetupControllerTest.php" line="78" assertions="1" time="3.287472"/>
      <testcase name="testDeleteHeaderFooter" class="Aspose\Cells\Cloud\PageSetupControllerTest" classname="Aspose.Cells.Cloud.PageSetupControllerTest" file="D:\cells.cloud.family\cells.cloud-sdk-php\test\Api\PageSetupControllerTest.php" line="107" assertions="1" time="2.951791"/>
      <testcase name="testGetHeader" class="Aspose\Cells\Cloud\PageSetupControllerTest" classname="Aspose.Cells.Cloud.PageSetupControllerTest" file="D:\cells.cloud.family\cells.cloud-sdk-php\test\Api\PageSetupControllerTest.php" line="131" assertions="1" time="2.593091"/>
      <testcase name="testPostHeader" class="Aspose\Cells\Cloud\PageSetupControllerTest" classname="Aspose.Cells.Cloud.PageSetupControllerTest" file="D:\cells.cloud.family\cells.cloud-sdk-php\test\Api\PageSetupControllerTest.php" line="155" assertions="1" time="3.281796"/>
      <testcase name="testGetFooter" class="Aspose\Cells\Cloud\PageSetupControllerTest" classname="Aspose.Cells.Cloud.PageSetupControllerTest" file="D:\cells.cloud.family\cells.cloud-sdk-php\test\Api\PageSetupControllerTest.php" line="182" assertions="1" time="2.753874"/>
      <testcase name="testPostFooter" class="Aspose\Cells\Cloud\PageSetupControllerTest" classname="Aspose.Cells.Cloud.PageSetupControllerTest" file="D:\cells.cloud.family\cells.cloud-sdk-php\test\Api\PageSetupControllerTest.php" line="206" assertions="1" time="3.967947"/>
      <testcase name="testPostFitWideToPages" class="Aspose\Cells\Cloud\PageSetupControllerTest" classname="Aspose.Cells.Cloud.PageSetupControllerTest" file="D:\cells.cloud.family\cells.cloud-sdk-php\test\Api\PageSetupControllerTest.php" line="233" assertions="1" time="3.114979"/>
      <testcase name="testPostFitTallToPages" class="Aspose\Cells\Cloud\PageSetupControllerTest" classname="Aspose.Cells.Cloud.PageSetupControllerTest" file="D:\cells.cloud.family\cells.cloud-sdk-php\test\Api\PageSetupControllerTest.php" line="257" assertions="1" time="2.881068"/>
    </testsuite>
    <testsuite name="Aspose\Cells\Cloud\PicturesControllerTest" file="D:\cells.cloud.family\cells.cloud-sdk-php\test\Api\PicturesControllerTest.php" tests="6" assertions="6" errors="0" warnings="0" failures="0" skipped="0" time="19.535535">
      <testcase name="testGetWorksheetPictures" class="Aspose\Cells\Cloud\PicturesControllerTest" classname="Aspose.Cells.Cloud.PicturesControllerTest" file="D:\cells.cloud.family\cells.cloud-sdk-php\test\Api\PicturesControllerTest.php" line="51" assertions="1" time="2.493606"/>
      <testcase name="testGetWorksheetPictureWithFormat" class="Aspose\Cells\Cloud\PicturesControllerTest" classname="Aspose.Cells.Cloud.PicturesControllerTest" file="D:\cells.cloud.family\cells.cloud-sdk-php\test\Api\PicturesControllerTest.php" line="75" assertions="1" time="2.848157"/>
      <testcase name="testPutWorksheetAddPicture" class="Aspose\Cells\Cloud\PicturesControllerTest" classname="Aspose.Cells.Cloud.PicturesControllerTest" file="D:\cells.cloud.family\cells.cloud-sdk-php\test\Api\PicturesControllerTest.php" line="101" assertions="1" time="3.609730"/>
      <testcase name="testPostWorksheetPicture" class="Aspose\Cells\Cloud\PicturesControllerTest" classname="Aspose.Cells.Cloud.PicturesControllerTest" file="D:\cells.cloud.family\cells.cloud-sdk-php\test\Api\PicturesControllerTest.php" line="132" assertions="1" time="3.650233"/>
      <testcase name="testDeleteWorksheetPicture" class="Aspose\Cells\Cloud\PicturesControllerTest" classname="Aspose.Cells.Cloud.PicturesControllerTest" file="D:\cells.cloud.family\cells.cloud-sdk-php\test\Api\PicturesControllerTest.php" line="161" assertions="1" time="3.262599"/>
      <testcase name="testDeleteWorksheetPictures" class="Aspose\Cells\Cloud\PicturesControllerTest" classname="Aspose.Cells.Cloud.PicturesControllerTest" file="D:\cells.cloud.family\cells.cloud-sdk-php\test\Api\PicturesControllerTest.php" line="186" assertions="1" time="3.671210"/>
    </testsuite>
    <testsuite name="Aspose\Cells\Cloud\PivotTablesControllerTest" file="D:\cells.cloud.family\cells.cloud-sdk-php\test\Api\PivotTablesControllerTest.php" tests="21" assertions="21" errors="0" warnings="0" failures="0" skipped="0" time="61.612857">
      <testcase name="testGetWorksheetPivotTables" class="Aspose\Cells\Cloud\PivotTablesControllerTest" classname="Aspose.Cells.Cloud.PivotTablesControllerTest" file="D:\cells.cloud.family\cells.cloud-sdk-php\test\Api\PivotTablesControllerTest.php" line="66" assertions="1" time="2.589761"/>
      <testcase name="testGetWorksheetPivotTable" class="Aspose\Cells\Cloud\PivotTablesControllerTest" classname="Aspose.Cells.Cloud.PivotTablesControllerTest" file="D:\cells.cloud.family\cells.cloud-sdk-php\test\Api\PivotTablesControllerTest.php" line="90" assertions="1" time="3.089883"/>
      <testcase name="testGetPivotTableField" class="Aspose\Cells\Cloud\PivotTablesControllerTest" classname="Aspose.Cells.Cloud.PivotTablesControllerTest" file="D:\cells.cloud.family\cells.cloud-sdk-php\test\Api\PivotTablesControllerTest.php" line="115" assertions="1" time="2.928361"/>
      <testcase name="testGetWorksheetPivotTableFilters" class="Aspose\Cells\Cloud\PivotTablesControllerTest" classname="Aspose.Cells.Cloud.PivotTablesControllerTest" file="D:\cells.cloud.family\cells.cloud-sdk-php\test\Api\PivotTablesControllerTest.php" line="142" assertions="1" time="2.274596"/>
      <testcase name="testGetWorksheetPivotTableFilter" class="Aspose\Cells\Cloud\PivotTablesControllerTest" classname="Aspose.Cells.Cloud.PivotTablesControllerTest" file="D:\cells.cloud.family\cells.cloud-sdk-php\test\Api\PivotTablesControllerTest.php" line="167" assertions="1" time="2.311702"/>
      <testcase name="testPutWorksheetPivotTable" class="Aspose\Cells\Cloud\PivotTablesControllerTest" classname="Aspose.Cells.Cloud.PivotTablesControllerTest" file="D:\cells.cloud.family\cells.cloud-sdk-php\test\Api\PivotTablesControllerTest.php" line="193" assertions="1" time="2.773356"/>
      <testcase name="testPutPivotTableField" class="Aspose\Cells\Cloud\PivotTablesControllerTest" classname="Aspose.Cells.Cloud.PivotTablesControllerTest" file="D:\cells.cloud.family\cells.cloud-sdk-php\test\Api\PivotTablesControllerTest.php" line="221" assertions="1" time="2.817285"/>
      <testcase name="testPutWorksheetPivotTableFilter" class="Aspose\Cells\Cloud\PivotTablesControllerTest" classname="Aspose.Cells.Cloud.PivotTablesControllerTest" file="D:\cells.cloud.family\cells.cloud-sdk-php\test\Api\PivotTablesControllerTest.php" line="254" assertions="1" time="3.219393"/>
      <testcase name="testPostPivotTableFieldHideItem" class="Aspose\Cells\Cloud\PivotTablesControllerTest" classname="Aspose.Cells.Cloud.PivotTablesControllerTest" file="D:\cells.cloud.family\cells.cloud-sdk-php\test\Api\PivotTablesControllerTest.php" line="284" assertions="1" time="2.709817"/>
      <testcase name="testPostPivotTableFieldMoveTo" class="Aspose\Cells\Cloud\PivotTablesControllerTest" classname="Aspose.Cells.Cloud.PivotTablesControllerTest" file="D:\cells.cloud.family\cells.cloud-sdk-php\test\Api\PivotTablesControllerTest.php" line="314" assertions="1" time="3.005353"/>
      <testcase name="testPostPivotTableCellStyle" class="Aspose\Cells\Cloud\PivotTablesControllerTest" classname="Aspose.Cells.Cloud.PivotTablesControllerTest" file="D:\cells.cloud.family\cells.cloud-sdk-php\test\Api\PivotTablesControllerTest.php" line="342" assertions="1" time="2.861467"/>
      <testcase name="testPostPivotTableStyle" class="Aspose\Cells\Cloud\PivotTablesControllerTest" classname="Aspose.Cells.Cloud.PivotTablesControllerTest" file="D:\cells.cloud.family\cells.cloud-sdk-php\test\Api\PivotTablesControllerTest.php" line="375" assertions="1" time="3.261087"/>
      <testcase name="testPostPivotTableUpdatePivotFields" class="Aspose\Cells\Cloud\PivotTablesControllerTest" classname="Aspose.Cells.Cloud.PivotTablesControllerTest" file="D:\cells.cloud.family\cells.cloud-sdk-php\test\Api\PivotTablesControllerTest.php" line="406" assertions="1" time="2.859718"/>
      <testcase name="testPostPivotTableUpdatePivotField" class="Aspose\Cells\Cloud\PivotTablesControllerTest" classname="Aspose.Cells.Cloud.PivotTablesControllerTest" file="D:\cells.cloud.family\cells.cloud-sdk-php\test\Api\PivotTablesControllerTest.php" line="436" assertions="1" time="3.063828"/>
      <testcase name="testPostWorksheetPivotTableCalculate" class="Aspose\Cells\Cloud\PivotTablesControllerTest" classname="Aspose.Cells.Cloud.PivotTablesControllerTest" file="D:\cells.cloud.family\cells.cloud-sdk-php\test\Api\PivotTablesControllerTest.php" line="467" assertions="1" time="3.113902"/>
      <testcase name="testPostWorksheetPivotTableMove" class="Aspose\Cells\Cloud\PivotTablesControllerTest" classname="Aspose.Cells.Cloud.PivotTablesControllerTest" file="D:\cells.cloud.family\cells.cloud-sdk-php\test\Api\PivotTablesControllerTest.php" line="492" assertions="1" time="2.810294"/>
      <testcase name="testDeleteWorksheetPivotTables" class="Aspose\Cells\Cloud\PivotTablesControllerTest" classname="Aspose.Cells.Cloud.PivotTablesControllerTest" file="D:\cells.cloud.family\cells.cloud-sdk-php\test\Api\PivotTablesControllerTest.php" line="520" assertions="1" time="4.102131"/>
      <testcase name="testDeleteWorksheetPivotTable" class="Aspose\Cells\Cloud\PivotTablesControllerTest" classname="Aspose.Cells.Cloud.PivotTablesControllerTest" file="D:\cells.cloud.family\cells.cloud-sdk-php\test\Api\PivotTablesControllerTest.php" line="544" assertions="1" time="3.235582"/>
      <testcase name="testDeletePivotTableField" class="Aspose\Cells\Cloud\PivotTablesControllerTest" classname="Aspose.Cells.Cloud.PivotTablesControllerTest" file="D:\cells.cloud.family\cells.cloud-sdk-php\test\Api\PivotTablesControllerTest.php" line="569" assertions="1" time="2.747245"/>
      <testcase name="testDeleteWorksheetPivotTableFilters" class="Aspose\Cells\Cloud\PivotTablesControllerTest" classname="Aspose.Cells.Cloud.PivotTablesControllerTest" file="D:\cells.cloud.family\cells.cloud-sdk-php\test\Api\PivotTablesControllerTest.php" line="601" assertions="1" time="2.966552"/>
      <testcase name="testDeleteWorksheetPivotTableFilter" class="Aspose\Cells\Cloud\PivotTablesControllerTest" classname="Aspose.Cells.Cloud.PivotTablesControllerTest" file="D:\cells.cloud.family\cells.cloud-sdk-php\test\Api\PivotTablesControllerTest.php" line="627" assertions="1" time="2.871544"/>
    </testsuite>
    <testsuite name="Aspose\Cells\Cloud\PropertiesControllerTest" file="D:\cells.cloud.family\cells.cloud-sdk-php\test\Api\PropertiesControllerTest.php" tests="5" assertions="5" errors="0" warnings="0" failures="0" skipped="0" time="15.023191">
      <testcase name="testGetDocumentProperties" class="Aspose\Cells\Cloud\PropertiesControllerTest" classname="Aspose.Cells.Cloud.PropertiesControllerTest" file="D:\cells.cloud.family\cells.cloud-sdk-php\test\Api\PropertiesControllerTest.php" line="50" assertions="1" time="2.436042"/>
      <testcase name="testGetDocumentProperty" class="Aspose\Cells\Cloud\PropertiesControllerTest" classname="Aspose.Cells.Cloud.PropertiesControllerTest" file="D:\cells.cloud.family\cells.cloud-sdk-php\test\Api\PropertiesControllerTest.php" line="74" assertions="1" time="2.571522"/>
      <testcase name="testPutDocumentProperty" class="Aspose\Cells\Cloud\PropertiesControllerTest" classname="Aspose.Cells.Cloud.PropertiesControllerTest" file="D:\cells.cloud.family\cells.cloud-sdk-php\test\Api\PropertiesControllerTest.php" line="98" assertions="1" time="3.029378"/>
      <testcase name="testDeleteDocumentProperty" class="Aspose\Cells\Cloud\PropertiesControllerTest" classname="Aspose.Cells.Cloud.PropertiesControllerTest" file="D:\cells.cloud.family\cells.cloud-sdk-php\test\Api\PropertiesControllerTest.php" line="125" assertions="1" time="3.396799"/>
      <testcase name="testDeleteDocumentProperties" class="Aspose\Cells\Cloud\PropertiesControllerTest" classname="Aspose.Cells.Cloud.PropertiesControllerTest" file="D:\cells.cloud.family\cells.cloud-sdk-php\test\Api\PropertiesControllerTest.php" line="150" assertions="1" time="3.589450"/>
    </testsuite>
    <testsuite name="Aspose\Cells\Cloud\RangesControllerTest" file="D:\cells.cloud.family\cells.cloud-sdk-php\test\Api\RangesControllerTest.php" tests="13" assertions="13" errors="0" warnings="0" failures="0" skipped="0" time="42.612918">
      <testcase name="testPostWorksheetCellsRangesCopy" class="Aspose\Cells\Cloud\RangesControllerTest" classname="Aspose.Cells.Cloud.RangesControllerTest" file="D:\cells.cloud.family\cells.cloud-sdk-php\test\Api\RangesControllerTest.php" line="58" assertions="1" time="3.784026"/>
      <testcase name="testPostWorksheetCellsRangeMerge" class="Aspose\Cells\Cloud\RangesControllerTest" classname="Aspose.Cells.Cloud.RangesControllerTest" file="D:\cells.cloud.family\cells.cloud-sdk-php\test\Api\RangesControllerTest.php" line="97" assertions="1" time="3.596216"/>
      <testcase name="testPostWorksheetCellsRangeUnMerge" class="Aspose\Cells\Cloud\RangesControllerTest" classname="Aspose.Cells.Cloud.RangesControllerTest" file="D:\cells.cloud.family\cells.cloud-sdk-php\test\Api\RangesControllerTest.php" line="127" assertions="1" time="3.230378"/>
      <testcase name="testPostWorksheetCellsRangeStyle" class="Aspose\Cells\Cloud\RangesControllerTest" classname="Aspose.Cells.Cloud.RangesControllerTest" file="D:\cells.cloud.family\cells.cloud-sdk-php\test\Api\RangesControllerTest.php" line="157" assertions="1" time="2.951932"/>
      <testcase name="testGetWorksheetCellsRangeValue" class="Aspose\Cells\Cloud\RangesControllerTest" classname="Aspose.Cells.Cloud.RangesControllerTest" file="D:\cells.cloud.family\cells.cloud-sdk-php\test\Api\RangesControllerTest.php" line="194" assertions="1" time="3.303250"/>
      <testcase name="testPostWorksheetCellsRangeValue" class="Aspose\Cells\Cloud\RangesControllerTest" classname="Aspose.Cells.Cloud.RangesControllerTest" file="D:\cells.cloud.family\cells.cloud-sdk-php\test\Api\RangesControllerTest.php" line="223" assertions="1" time="2.963287"/>
      <testcase name="testPostWorksheetCellsRangeMoveTo" class="Aspose\Cells\Cloud\RangesControllerTest" classname="Aspose.Cells.Cloud.RangesControllerTest" file="D:\cells.cloud.family\cells.cloud-sdk-php\test\Api\RangesControllerTest.php" line="256" assertions="1" time="3.490971"/>
      <testcase name="testPostWorksheetCellsRangeOutlineBorder" class="Aspose\Cells\Cloud\RangesControllerTest" classname="Aspose.Cells.Cloud.RangesControllerTest" file="D:\cells.cloud.family\cells.cloud-sdk-php\test\Api\RangesControllerTest.php" line="288" assertions="1" time="3.156509"/>
      <testcase name="testPostWorksheetCellsRangeColumnWidth" class="Aspose\Cells\Cloud\RangesControllerTest" classname="Aspose.Cells.Cloud.RangesControllerTest" file="D:\cells.cloud.family\cells.cloud-sdk-php\test\Api\RangesControllerTest.php" line="327" assertions="1" time="2.925562"/>
      <testcase name="testPostWorksheetCellsRangeRowHeight" class="Aspose\Cells\Cloud\RangesControllerTest" classname="Aspose.Cells.Cloud.RangesControllerTest" file="D:\cells.cloud.family\cells.cloud-sdk-php\test\Api\RangesControllerTest.php" line="358" assertions="1" time="3.303890"/>
      <testcase name="testPutWorksheetCellsRange" class="Aspose\Cells\Cloud\RangesControllerTest" classname="Aspose.Cells.Cloud.RangesControllerTest" file="D:\cells.cloud.family\cells.cloud-sdk-php\test\Api\RangesControllerTest.php" line="389" assertions="1" time="3.317274"/>
      <testcase name="testDeleteWorksheetCellsRange" class="Aspose\Cells\Cloud\RangesControllerTest" classname="Aspose.Cells.Cloud.RangesControllerTest" file="D:\cells.cloud.family\cells.cloud-sdk-php\test\Api\RangesControllerTest.php" line="415" assertions="1" time="3.130978"/>
      <testcase name="testPostWorksheetCellsRangeSort" class="Aspose\Cells\Cloud\RangesControllerTest" classname="Aspose.Cells.Cloud.RangesControllerTest" file="D:\cells.cloud.family\cells.cloud-sdk-php\test\Api\RangesControllerTest.php" line="441" assertions="1" time="3.458645"/>
    </testsuite>
    <testsuite name="Aspose\Cells\Cloud\ShapesControllerTest" file="D:\cells.cloud.family\cells.cloud-sdk-php\test\Api\ShapesControllerTest.php" tests="8" assertions="8" errors="0" warnings="0" failures="0" skipped="0" time="25.561667">
      <testcase name="testGetWorksheetShapes" class="Aspose\Cells\Cloud\ShapesControllerTest" classname="Aspose.Cells.Cloud.ShapesControllerTest" file="D:\cells.cloud.family\cells.cloud-sdk-php\test\Api\ShapesControllerTest.php" line="53" assertions="1" time="2.961084"/>
      <testcase name="testGetWorksheetShape" class="Aspose\Cells\Cloud\ShapesControllerTest" classname="Aspose.Cells.Cloud.ShapesControllerTest" file="D:\cells.cloud.family\cells.cloud-sdk-php\test\Api\ShapesControllerTest.php" line="77" assertions="1" time="2.717925"/>
      <testcase name="testPutWorksheetShape" class="Aspose\Cells\Cloud\ShapesControllerTest" classname="Aspose.Cells.Cloud.ShapesControllerTest" file="D:\cells.cloud.family\cells.cloud-sdk-php\test\Api\ShapesControllerTest.php" line="102" assertions="1" time="3.631332"/>
      <testcase name="testDeleteWorksheetShapes" class="Aspose\Cells\Cloud\ShapesControllerTest" classname="Aspose.Cells.Cloud.ShapesControllerTest" file="D:\cells.cloud.family\cells.cloud-sdk-php\test\Api\ShapesControllerTest.php" line="136" assertions="1" time="2.946378"/>
      <testcase name="testDeleteWorksheetShape" class="Aspose\Cells\Cloud\ShapesControllerTest" classname="Aspose.Cells.Cloud.ShapesControllerTest" file="D:\cells.cloud.family\cells.cloud-sdk-php\test\Api\ShapesControllerTest.php" line="160" assertions="1" time="2.836416"/>
      <testcase name="testPostWorksheetShape" class="Aspose\Cells\Cloud\ShapesControllerTest" classname="Aspose.Cells.Cloud.ShapesControllerTest" file="D:\cells.cloud.family\cells.cloud-sdk-php\test\Api\ShapesControllerTest.php" line="185" assertions="1" time="3.541550"/>
      <testcase name="testPostWorksheetGroupShape" class="Aspose\Cells\Cloud\ShapesControllerTest" classname="Aspose.Cells.Cloud.ShapesControllerTest" file="D:\cells.cloud.family\cells.cloud-sdk-php\test\Api\ShapesControllerTest.php" line="213" assertions="1" time="3.720671"/>
      <testcase name="testPostWorksheetUngroupShape" class="Aspose\Cells\Cloud\ShapesControllerTest" classname="Aspose.Cells.Cloud.ShapesControllerTest" file="D:\cells.cloud.family\cells.cloud-sdk-php\test\Api\ShapesControllerTest.php" line="242" assertions="1" time="3.206311"/>
    </testsuite>
    <testsuite name="Aspose\Cells\Cloud\SparklineGroupsControllerTest" file="D:\cells.cloud.family\cells.cloud-sdk-php\test\Api\SparklineGroupsControllerTest.php" tests="6" assertions="6" errors="0" warnings="0" failures="0" skipped="0" time="18.255204">
      <testcase name="testGetWorksheetSparklineGroups" class="Aspose\Cells\Cloud\SparklineGroupsControllerTest" classname="Aspose.Cells.Cloud.SparklineGroupsControllerTest" file="D:\cells.cloud.family\cells.cloud-sdk-php\test\Api\SparklineGroupsControllerTest.php" line="51" assertions="1" time="2.417360"/>
      <testcase name="testGetWorksheetSparklineGroup" class="Aspose\Cells\Cloud\SparklineGroupsControllerTest" classname="Aspose.Cells.Cloud.SparklineGroupsControllerTest" file="D:\cells.cloud.family\cells.cloud-sdk-php\test\Api\SparklineGroupsControllerTest.php" line="75" assertions="1" time="2.426484"/>
      <testcase name="testDeleteWorksheetSparklineGroups" class="Aspose\Cells\Cloud\SparklineGroupsControllerTest" classname="Aspose.Cells.Cloud.SparklineGroupsControllerTest" file="D:\cells.cloud.family\cells.cloud-sdk-php\test\Api\SparklineGroupsControllerTest.php" line="100" assertions="1" time="3.048269"/>
      <testcase name="testDeleteWorksheetSparklineGroup" class="Aspose\Cells\Cloud\SparklineGroupsControllerTest" classname="Aspose.Cells.Cloud.SparklineGroupsControllerTest" file="D:\cells.cloud.family\cells.cloud-sdk-php\test\Api\SparklineGroupsControllerTest.php" line="124" assertions="1" time="3.380539"/>
      <testcase name="testPutWorksheetSparklineGroup" class="Aspose\Cells\Cloud\SparklineGroupsControllerTest" classname="Aspose.Cells.Cloud.SparklineGroupsControllerTest" file="D:\cells.cloud.family\cells.cloud-sdk-php\test\Api\SparklineGroupsControllerTest.php" line="149" assertions="1" time="3.615651"/>
      <testcase name="testPostWorksheetSparklineGroup" class="Aspose\Cells\Cloud\SparklineGroupsControllerTest" classname="Aspose.Cells.Cloud.SparklineGroupsControllerTest" file="D:\cells.cloud.family\cells.cloud-sdk-php\test\Api\SparklineGroupsControllerTest.php" line="177" assertions="1" time="3.366901"/>
    </testsuite>
    <testsuite name="Aspose\Cells\Cloud\StorageControllerTest" file="D:\cells.cloud.family\cells.cloud-sdk-php\test\Api\StorageControllerTest.php" tests="4" assertions="4" errors="0" warnings="0" failures="0" skipped="0" time="14.033729">
      <testcase name="testStorageExists" class="Aspose\Cells\Cloud\StorageControllerTest" classname="Aspose.Cells.Cloud.StorageControllerTest" file="D:\cells.cloud.family\cells.cloud-sdk-php\test\Api\StorageControllerTest.php" line="49" assertions="1" time="3.203117"/>
      <testcase name="testObjectExists" class="Aspose\Cells\Cloud\StorageControllerTest" classname="Aspose.Cells.Cloud.StorageControllerTest" file="D:\cells.cloud.family\cells.cloud-sdk-php\test\Api\StorageControllerTest.php" line="70" assertions="1" time="2.219896"/>
      <testcase name="testGetDiscUsage" class="Aspose\Cells\Cloud\StorageControllerTest" classname="Aspose.Cells.Cloud.StorageControllerTest" file="D:\cells.cloud.family\cells.cloud-sdk-php\test\Api\StorageControllerTest.php" line="93" assertions="1" time="4.812986"/>
      <testcase name="testGetFileVersions" class="Aspose\Cells\Cloud\StorageControllerTest" classname="Aspose.Cells.Cloud.StorageControllerTest" file="D:\cells.cloud.family\cells.cloud-sdk-php\test\Api\StorageControllerTest.php" line="114" assertions="1" time="3.797730"/>
    </testsuite>
    <testsuite name="Aspose\Cells\Cloud\TextProcessingControllerTest" file="D:\cells.cloud.family\cells.cloud-sdk-php\test\Api\TextProcessingControllerTest.php" tests="2" assertions="2" errors="0" warnings="0" failures="0" skipped="0" time="4.462767">
      <testcase name="testPostAddTextContent" class="Aspose\Cells\Cloud\TextProcessingControllerTest" classname="Aspose.Cells.Cloud.TextProcessingControllerTest" file="D:\cells.cloud.family\cells.cloud-sdk-php\test\Api\TextProcessingControllerTest.php" line="47" assertions="1" time="1.947240"/>
      <testcase name="testPostTrimContent" class="Aspose\Cells\Cloud\TextProcessingControllerTest" classname="Aspose.Cells.Cloud.TextProcessingControllerTest" file="D:\cells.cloud.family\cells.cloud-sdk-php\test\Api\TextProcessingControllerTest.php" line="77" assertions="1" time="2.515527"/>
    </testsuite>
    <testsuite name="Aspose\Cells\Cloud\WorkbookControllerTest" file="D:\cells.cloud.family\cells.cloud-sdk-php\test\Api\WorkbookControllerTest.php" tests="32" assertions="32" errors="0" warnings="0" failures="0" skipped="0" time="114.234115">
      <testcase name="testPostDigitalSignature" class="Aspose\Cells\Cloud\WorkbookControllerTest" classname="Aspose.Cells.Cloud.WorkbookControllerTest" file="D:\cells.cloud.family\cells.cloud-sdk-php\test\Api\WorkbookControllerTest.php" line="77" assertions="1" time="5.044082"/>
      <testcase name="testPostEncryptWorkbook" class="Aspose\Cells\Cloud\WorkbookControllerTest" classname="Aspose.Cells.Cloud.WorkbookControllerTest" file="D:\cells.cloud.family\cells.cloud-sdk-php\test\Api\WorkbookControllerTest.php" line="104" assertions="1" time="3.601954"/>
      <testcase name="testDeleteDecryptWorkbook" class="Aspose\Cells\Cloud\WorkbookControllerTest" classname="Aspose.Cells.Cloud.WorkbookControllerTest" file="D:\cells.cloud.family\cells.cloud-sdk-php\test\Api\WorkbookControllerTest.php" line="132" assertions="1" time="3.759709"/>
      <testcase name="testPostProtectWorkbook" class="Aspose\Cells\Cloud\WorkbookControllerTest" classname="Aspose.Cells.Cloud.WorkbookControllerTest" file="D:\cells.cloud.family\cells.cloud-sdk-php\test\Api\WorkbookControllerTest.php" line="160" assertions="1" time="4.036180"/>
      <testcase name="testDeleteUnProtectWorkbook" class="Aspose\Cells\Cloud\WorkbookControllerTest" classname="Aspose.Cells.Cloud.WorkbookControllerTest" file="D:\cells.cloud.family\cells.cloud-sdk-php\test\Api\WorkbookControllerTest.php" line="187" assertions="1" time="3.733119"/>
      <testcase name="testGetWorkbookDefaultStyle" class="Aspose\Cells\Cloud\WorkbookControllerTest" classname="Aspose.Cells.Cloud.WorkbookControllerTest" file="D:\cells.cloud.family\cells.cloud-sdk-php\test\Api\WorkbookControllerTest.php" line="211" assertions="1" time="2.831587"/>
      <testcase name="testGetWorkbookTextItems" class="Aspose\Cells\Cloud\WorkbookControllerTest" classname="Aspose.Cells.Cloud.WorkbookControllerTest" file="D:\cells.cloud.family\cells.cloud-sdk-php\test\Api\WorkbookControllerTest.php" line="234" assertions="1" time="2.755472"/>
      <testcase name="testGetWorkbookNames" class="Aspose\Cells\Cloud\WorkbookControllerTest" classname="Aspose.Cells.Cloud.WorkbookControllerTest" file="D:\cells.cloud.family\cells.cloud-sdk-php\test\Api\WorkbookControllerTest.php" line="257" assertions="1" time="3.324191"/>
      <testcase name="testPutWorkbookName" class="Aspose\Cells\Cloud\WorkbookControllerTest" classname="Aspose.Cells.Cloud.WorkbookControllerTest" file="D:\cells.cloud.family\cells.cloud-sdk-php\test\Api\WorkbookControllerTest.php" line="280" assertions="1" time="3.343202"/>
      <testcase name="testGetWorkbookName" class="Aspose\Cells\Cloud\WorkbookControllerTest" classname="Aspose.Cells.Cloud.WorkbookControllerTest" file="D:\cells.cloud.family\cells.cloud-sdk-php\test\Api\WorkbookControllerTest.php" line="308" assertions="1" time="2.651766"/>
      <testcase name="testPostWorkbookName" class="Aspose\Cells\Cloud\WorkbookControllerTest" classname="Aspose.Cells.Cloud.WorkbookControllerTest" file="D:\cells.cloud.family\cells.cloud-sdk-php\test\Api\WorkbookControllerTest.php" line="332" assertions="1" time="2.990185"/>
      <testcase name="testGetWorkbookNameValue" class="Aspose\Cells\Cloud\WorkbookControllerTest" classname="Aspose.Cells.Cloud.WorkbookControllerTest" file="D:\cells.cloud.family\cells.cloud-sdk-php\test\Api\WorkbookControllerTest.php" line="361" assertions="1" time="2.897399"/>
      <testcase name="testDeleteWorkbookNames" class="Aspose\Cells\Cloud\WorkbookControllerTest" classname="Aspose.Cells.Cloud.WorkbookControllerTest" file="D:\cells.cloud.family\cells.cloud-sdk-php\test\Api\WorkbookControllerTest.php" line="385" assertions="1" time="3.662179"/>
      <testcase name="testDeleteWorkbookName" class="Aspose\Cells\Cloud\WorkbookControllerTest" classname="Aspose.Cells.Cloud.WorkbookControllerTest" file="D:\cells.cloud.family\cells.cloud-sdk-php\test\Api\WorkbookControllerTest.php" line="408" assertions="1" time="3.313064"/>
      <testcase name="testPutDocumentProtectFromChanges" class="Aspose\Cells\Cloud\WorkbookControllerTest" classname="Aspose.Cells.Cloud.WorkbookControllerTest" file="D:\cells.cloud.family\cells.cloud-sdk-php\test\Api\WorkbookControllerTest.php" line="432" assertions="1" time="3.751879"/>
      <testcase name="testDeleteDocumentUnProtectFromChanges" class="Aspose\Cells\Cloud\WorkbookControllerTest" classname="Aspose.Cells.Cloud.WorkbookControllerTest" file="D:\cells.cloud.family\cells.cloud-sdk-php\test\Api\WorkbookControllerTest.php" line="458" assertions="1" time="3.623911"/>
      <testcase name="testPostWorkbooksMerge" class="Aspose\Cells\Cloud\WorkbookControllerTest" classname="Aspose.Cells.Cloud.WorkbookControllerTest" file="D:\cells.cloud.family\cells.cloud-sdk-php\test\Api\WorkbookControllerTest.php" line="481" assertions="1" time="4.733614"/>
      <testcase name="testPostWorkbooksTextSearch" class="Aspose\Cells\Cloud\WorkbookControllerTest" classname="Aspose.Cells.Cloud.WorkbookControllerTest" file="D:\cells.cloud.family\cells.cloud-sdk-php\test\Api\WorkbookControllerTest.php" line="508" assertions="1" time="2.503832"/>
      <testcase name="testPostWorkbookTextReplace" class="Aspose\Cells\Cloud\WorkbookControllerTest" classname="Aspose.Cells.Cloud.WorkbookControllerTest" file="D:\cells.cloud.family\cells.cloud-sdk-php\test\Api\WorkbookControllerTest.php" line="532" assertions="1" time="3.269554"/>
      <testcase name="testPostWorkbookGetSmartMarkerResult" class="Aspose\Cells\Cloud\WorkbookControllerTest" classname="Aspose.Cells.Cloud.WorkbookControllerTest" file="D:\cells.cloud.family\cells.cloud-sdk-php\test\Api\WorkbookControllerTest.php" line="557" assertions="1" time="4.291354"/>
      <testcase name="testPutWorkbookCreate" class="Aspose\Cells\Cloud\WorkbookControllerTest" classname="Aspose.Cells.Cloud.WorkbookControllerTest" file="D:\cells.cloud.family\cells.cloud-sdk-php\test\Api\WorkbookControllerTest.php" line="585" assertions="1" time="3.806015"/>
      <testcase name="testPostWorkbookSplit" class="Aspose\Cells\Cloud\WorkbookControllerTest" classname="Aspose.Cells.Cloud.WorkbookControllerTest" file="D:\cells.cloud.family\cells.cloud-sdk-php\test\Api\WorkbookControllerTest.php" line="614" assertions="1" time="5.675033"/>
      <testcase name="testPostImportData" class="Aspose\Cells\Cloud\WorkbookControllerTest" classname="Aspose.Cells.Cloud.WorkbookControllerTest" file="D:\cells.cloud.family\cells.cloud-sdk-php\test\Api\WorkbookControllerTest.php" line="645" assertions="1" time="3.364426"/>
      <testcase name="testPostWorkbookCalculateFormula" class="Aspose\Cells\Cloud\WorkbookControllerTest" classname="Aspose.Cells.Cloud.WorkbookControllerTest" file="D:\cells.cloud.family\cells.cloud-sdk-php\test\Api\WorkbookControllerTest.php" line="683" assertions="1" time="3.972450"/>
      <testcase name="testPostAutofitWorkbookRows" class="Aspose\Cells\Cloud\WorkbookControllerTest" classname="Aspose.Cells.Cloud.WorkbookControllerTest" file="D:\cells.cloud.family\cells.cloud-sdk-php\test\Api\WorkbookControllerTest.php" line="711" assertions="1" time="4.140368"/>
      <testcase name="testPostAutofitWorkbookColumns" class="Aspose\Cells\Cloud\WorkbookControllerTest" classname="Aspose.Cells.Cloud.WorkbookControllerTest" file="D:\cells.cloud.family\cells.cloud-sdk-php\test\Api\WorkbookControllerTest.php" line="737" assertions="1" time="3.868105"/>
      <testcase name="testGetWorkbookSettings" class="Aspose\Cells\Cloud\WorkbookControllerTest" classname="Aspose.Cells.Cloud.WorkbookControllerTest" file="D:\cells.cloud.family\cells.cloud-sdk-php\test\Api\WorkbookControllerTest.php" line="762" assertions="1" time="2.477936"/>
      <testcase name="testPostWorkbookSettings" class="Aspose\Cells\Cloud\WorkbookControllerTest" classname="Aspose.Cells.Cloud.WorkbookControllerTest" file="D:\cells.cloud.family\cells.cloud-sdk-php\test\Api\WorkbookControllerTest.php" line="785" assertions="1" time="3.800057"/>
      <testcase name="testPutWorkbookBackground" class="Aspose\Cells\Cloud\WorkbookControllerTest" classname="Aspose.Cells.Cloud.WorkbookControllerTest" file="D:\cells.cloud.family\cells.cloud-sdk-php\test\Api\WorkbookControllerTest.php" line="812" assertions="1" time="4.305088"/>
      <testcase name="testDeleteWorkbookBackground" class="Aspose\Cells\Cloud\WorkbookControllerTest" classname="Aspose.Cells.Cloud.WorkbookControllerTest" file="D:\cells.cloud.family\cells.cloud-sdk-php\test\Api\WorkbookControllerTest.php" line="838" assertions="1" time="2.967350"/>
      <testcase name="testPutWorkbookWaterMarker" class="Aspose\Cells\Cloud\WorkbookControllerTest" classname="Aspose.Cells.Cloud.WorkbookControllerTest" file="D:\cells.cloud.family\cells.cloud-sdk-php\test\Api\WorkbookControllerTest.php" line="861" assertions="1" time="3.296184"/>
      <testcase name="testGetPageCount" class="Aspose\Cells\Cloud\WorkbookControllerTest" classname="Aspose.Cells.Cloud.WorkbookControllerTest" file="D:\cells.cloud.family\cells.cloud-sdk-php\test\Api\WorkbookControllerTest.php" line="888" assertions="1" time="2.442870"/>
    </testsuite>
    <testsuite name="Aspose\Cells\Cloud\WorksheetControllerTest" file="D:\cells.cloud.family\cells.cloud-sdk-php\test\Api\WorksheetControllerTest.php" tests="39" assertions="39" errors="0" warnings="0" failures="0" skipped="0" time="144.799688">
      <testcase name="testGetWorksheets" class="Aspose\Cells\Cloud\WorksheetControllerTest" classname="Aspose.Cells.Cloud.WorksheetControllerTest" file="D:\cells.cloud.family\cells.cloud-sdk-php\test\Api\WorksheetControllerTest.php" line="84" assertions="1" time="2.625215"/>
      <testcase name="testGetWorksheetWithFormat" class="Aspose\Cells\Cloud\WorksheetControllerTest" classname="Aspose.Cells.Cloud.WorksheetControllerTest" file="D:\cells.cloud.family\cells.cloud-sdk-php\test\Api\WorksheetControllerTest.php" line="107" assertions="1" time="2.830622"/>
      <testcase name="testPutChangeVisibilityWorksheet" class="Aspose\Cells\Cloud\WorksheetControllerTest" classname="Aspose.Cells.Cloud.WorksheetControllerTest" file="D:\cells.cloud.family\cells.cloud-sdk-php\test\Api\WorksheetControllerTest.php" line="133" assertions="1" time="3.396523"/>
      <testcase name="testPutActiveWorksheet" class="Aspose\Cells\Cloud\WorksheetControllerTest" classname="Aspose.Cells.Cloud.WorksheetControllerTest" file="D:\cells.cloud.family\cells.cloud-sdk-php\test\Api\WorksheetControllerTest.php" line="158" assertions="1" time="2.809830"/>
      <testcase name="testPutInsertNewWorksheet" class="Aspose\Cells\Cloud\WorksheetControllerTest" classname="Aspose.Cells.Cloud.WorksheetControllerTest" file="D:\cells.cloud.family\cells.cloud-sdk-php\test\Api\WorksheetControllerTest.php" line="182" assertions="1" time="3.570784"/>
      <testcase name="testPutAddNewWorksheet" class="Aspose\Cells\Cloud\WorksheetControllerTest" classname="Aspose.Cells.Cloud.WorksheetControllerTest" file="D:\cells.cloud.family\cells.cloud-sdk-php\test\Api\WorksheetControllerTest.php" line="209" assertions="1" time="2.954403"/>
      <testcase name="testDeleteWorksheet" class="Aspose\Cells\Cloud\WorksheetControllerTest" classname="Aspose.Cells.Cloud.WorksheetControllerTest" file="D:\cells.cloud.family\cells.cloud-sdk-php\test\Api\WorksheetControllerTest.php" line="235" assertions="1" time="3.537876"/>
      <testcase name="testDeleteWorksheets" class="Aspose\Cells\Cloud\WorksheetControllerTest" classname="Aspose.Cells.Cloud.WorksheetControllerTest" file="D:\cells.cloud.family\cells.cloud-sdk-php\test\Api\WorksheetControllerTest.php" line="259" assertions="1" time="3.673369"/>
      <testcase name="testPostMoveWorksheet" class="Aspose\Cells\Cloud\WorksheetControllerTest" classname="Aspose.Cells.Cloud.WorksheetControllerTest" file="D:\cells.cloud.family\cells.cloud-sdk-php\test\Api\WorksheetControllerTest.php" line="285" assertions="1" time="3.934479"/>
      <testcase name="testPutProtectWorksheet" class="Aspose\Cells\Cloud\WorksheetControllerTest" classname="Aspose.Cells.Cloud.WorksheetControllerTest" file="D:\cells.cloud.family\cells.cloud-sdk-php\test\Api\WorksheetControllerTest.php" line="313" assertions="1" time="3.281955"/>
      <testcase name="testDeleteUnprotectWorksheet" class="Aspose\Cells\Cloud\WorksheetControllerTest" classname="Aspose.Cells.Cloud.WorksheetControllerTest" file="D:\cells.cloud.family\cells.cloud-sdk-php\test\Api\WorksheetControllerTest.php" line="341" assertions="1" time="2.886797"/>
      <testcase name="testGetWorksheetTextItems" class="Aspose\Cells\Cloud\WorksheetControllerTest" classname="Aspose.Cells.Cloud.WorksheetControllerTest" file="D:\cells.cloud.family\cells.cloud-sdk-php\test\Api\WorksheetControllerTest.php" line="369" assertions="1" time="3.397724"/>
      <testcase name="testGetWorksheetComments" class="Aspose\Cells\Cloud\WorksheetControllerTest" classname="Aspose.Cells.Cloud.WorksheetControllerTest" file="D:\cells.cloud.family\cells.cloud-sdk-php\test\Api\WorksheetControllerTest.php" line="393" assertions="1" time="2.423865"/>
      <testcase name="testGetWorksheetComment" class="Aspose\Cells\Cloud\WorksheetControllerTest" classname="Aspose.Cells.Cloud.WorksheetControllerTest" file="D:\cells.cloud.family\cells.cloud-sdk-php\test\Api\WorksheetControllerTest.php" line="417" assertions="1" time="2.502137"/>
      <testcase name="testPutWorksheetComment" class="Aspose\Cells\Cloud\WorksheetControllerTest" classname="Aspose.Cells.Cloud.WorksheetControllerTest" file="D:\cells.cloud.family\cells.cloud-sdk-php\test\Api\WorksheetControllerTest.php" line="442" assertions="1" time="2.985597"/>
      <testcase name="testPostWorksheetComment" class="Aspose\Cells\Cloud\WorksheetControllerTest" classname="Aspose.Cells.Cloud.WorksheetControllerTest" file="D:\cells.cloud.family\cells.cloud-sdk-php\test\Api\WorksheetControllerTest.php" line="471" assertions="1" time="3.723375"/>
      <testcase name="testDeleteWorksheetComment" class="Aspose\Cells\Cloud\WorksheetControllerTest" classname="Aspose.Cells.Cloud.WorksheetControllerTest" file="D:\cells.cloud.family\cells.cloud-sdk-php\test\Api\WorksheetControllerTest.php" line="500" assertions="1" time="3.568430"/>
[...]
      <testcase name="testPostExport_emf_listobject" class="Aspose\Cells\Cloud\LightCellsTest" classname="Aspose.Cells.Cloud.LightCellsTest" file="D:\cells.cloud.family\cells.cloud-sdk-php\test\Document\LightCellsTest.php" line="3501" assertions="1" time="9.494182"/>
      <testcase name="testPostExport_bmp_listobject" class="Aspose\Cells\Cloud\LightCellsTest" classname="Aspose.Cells.Cloud.LightCellsTest" file="D:\cells.cloud.family\cells.cloud-sdk-php\test\Document\LightCellsTest.php" line="3527" assertions="1" time="31.168244"/>
      <testcase name="testPostExport_md_listobject" class="Aspose\Cells\Cloud\LightCellsTest" classname="Aspose.Cells.Cloud.LightCellsTest" file="D:\cells.cloud.family\cells.cloud-sdk-php\test\Document\LightCellsTest.php" line="3553" assertions="1" time="1.992956"/>
      <testcase name="testPostExport_numbers_listobject" class="Aspose\Cells\Cloud\LightCellsTest" classname="Aspose.Cells.Cloud.LightCellsTest" file="D:\cells.cloud.family\cells.cloud-sdk-php\test\Document\LightCellsTest.php" line="3579" assertions="1" time="2.240781"/>
      <testcase name="testPostExport_wmf_listobject" class="Aspose\Cells\Cloud\LightCellsTest" classname="Aspose.Cells.Cloud.LightCellsTest" file="D:\cells.cloud.family\cells.cloud-sdk-php\test\Document\LightCellsTest.php" line="3605" assertions="1" time="25.302502"/>
      <testcase name="testPostExport_svg_listobject" class="Aspose\Cells\Cloud\LightCellsTest" classname="Aspose.Cells.Cloud.LightCellsTest" file="D:\cells.cloud.family\cells.cloud-sdk-php\test\Document\LightCellsTest.php" line="3631" assertions="1" time="3.648109"/>
      <testcase name="testPostExport_docx_listobject" class="Aspose\Cells\Cloud\LightCellsTest" classname="Aspose.Cells.Cloud.LightCellsTest" file="D:\cells.cloud.family\cells.cloud-sdk-php\test\Document\LightCellsTest.php" line="3657" assertions="1" time="2.653496"/>
      <testcase name="testPostExport_pptx_listobject" class="Aspose\Cells\Cloud\LightCellsTest" classname="Aspose.Cells.Cloud.LightCellsTest" file="D:\cells.cloud.family\cells.cloud-sdk-php\test\Document\LightCellsTest.php" line="3683" assertions="1" time="3.547117"/>
      <testcase name="testPostExport_json_listobject" class="Aspose\Cells\Cloud\LightCellsTest" classname="Aspose.Cells.Cloud.LightCellsTest" file="D:\cells.cloud.family\cells.cloud-sdk-php\test\Document\LightCellsTest.php" line="3709" assertions="1" time="2.251277"/>
      <testcase name="testPostExport_sql_listobject" class="Aspose\Cells\Cloud\LightCellsTest" classname="Aspose.Cells.Cloud.LightCellsTest" file="D:\cells.cloud.family\cells.cloud-sdk-php\test\Document\LightCellsTest.php" line="3735" assertions="1" time="2.569291"/>
      <testcase name="testPostExport_png_oleobject" class="Aspose\Cells\Cloud\LightCellsTest" classname="Aspose.Cells.Cloud.LightCellsTest" file="D:\cells.cloud.family\cells.cloud-sdk-php\test\Document\LightCellsTest.php" line="3761" assertions="1" time="2.104499"/>
      <testcase name="testPostExport_jpg_oleobject" class="Aspose\Cells\Cloud\LightCellsTest" classname="Aspose.Cells.Cloud.LightCellsTest" file="D:\cells.cloud.family\cells.cloud-sdk-php\test\Document\LightCellsTest.php" line="3787" assertions="1" time="2.477822"/>
      <testcase name="testPostExport_gif_oleobject" class="Aspose\Cells\Cloud\LightCellsTest" classname="Aspose.Cells.Cloud.LightCellsTest" file="D:\cells.cloud.family\cells.cloud-sdk-php\test\Document\LightCellsTest.php" line="3813" assertions="1" time="2.036241"/>
      <testcase name="testPostExport_emf_oleobject" class="Aspose\Cells\Cloud\LightCellsTest" classname="Aspose.Cells.Cloud.LightCellsTest" file="D:\cells.cloud.family\cells.cloud-sdk-php\test\Document\LightCellsTest.php" line="3839" assertions="1" time="2.670978"/>
      <testcase name="testPostExport_bmp_oleobject" class="Aspose\Cells\Cloud\LightCellsTest" classname="Aspose.Cells.Cloud.LightCellsTest" file="D:\cells.cloud.family\cells.cloud-sdk-php\test\Document\LightCellsTest.php" line="3865" assertions="1" time="5.165654"/>
      <testcase name="testPostCompress_50" class="Aspose\Cells\Cloud\LightCellsTest" classname="Aspose.Cells.Cloud.LightCellsTest" file="D:\cells.cloud.family\cells.cloud-sdk-php\test\Document\LightCellsTest.php" line="3891" assertions="1" time="1.684374"/>
      <testcase name="testPostCompress_90" class="Aspose\Cells\Cloud\LightCellsTest" classname="Aspose.Cells.Cloud.LightCellsTest" file="D:\cells.cloud.family\cells.cloud-sdk-php\test\Document\LightCellsTest.php" line="3915" assertions="1" time="1.877567"/>
      <testcase name="testPostMerge_csv_true" class="Aspose\Cells\Cloud\LightCellsTest" classname="Aspose.Cells.Cloud.LightCellsTest" file="D:\cells.cloud.family\cells.cloud-sdk-php\test\Document\LightCellsTest.php" line="3939" assertions="1" time="1.570876"/>
      <testcase name="testPostMerge_xls_true" class="Aspose\Cells\Cloud\LightCellsTest" classname="Aspose.Cells.Cloud.LightCellsTest" file="D:\cells.cloud.family\cells.cloud-sdk-php\test\Document\LightCellsTest.php" line="3965" assertions="1" time="1.494996"/>
      <testcase name="testPostMerge_html_true" class="Aspose\Cells\Cloud\LightCellsTest" classname="Aspose.Cells.Cloud.LightCellsTest" file="D:\cells.cloud.family\cells.cloud-sdk-php\test\Document\LightCellsTest.php" line="3991" assertions="1" time="1.511634"/>
      <testcase name="testPostMerge_mhtml_true" class="Aspose\Cells\Cloud\LightCellsTest" classname="Aspose.Cells.Cloud.LightCellsTest" file="D:\cells.cloud.family\cells.cloud-sdk-php\test\Document\LightCellsTest.php" line="4017" assertions="1" time="1.716794"/>
      <testcase name="testPostMerge_ods_true" class="Aspose\Cells\Cloud\LightCellsTest" classname="Aspose.Cells.Cloud.LightCellsTest" file="D:\cells.cloud.family\cells.cloud-sdk-php\test\Document\LightCellsTest.php" line="4043" assertions="1" time="2.832112"/>
      <testcase name="testPostMerge_pdf_true" class="Aspose\Cells\Cloud\LightCellsTest" classname="Aspose.Cells.Cloud.LightCellsTest" file="D:\cells.cloud.family\cells.cloud-sdk-php\test\Document\LightCellsTest.php" line="4069" assertions="1" time="1.753688"/>
      <testcase name="testPostMerge_xml_true" class="Aspose\Cells\Cloud\LightCellsTest" classname="Aspose.Cells.Cloud.LightCellsTest" file="D:\cells.cloud.family\cells.cloud-sdk-php\test\Document\LightCellsTest.php" line="4095" assertions="1" time="2.090657"/>
      <testcase name="testPostMerge_txt_true" class="Aspose\Cells\Cloud\LightCellsTest" classname="Aspose.Cells.Cloud.LightCellsTest" file="D:\cells.cloud.family\cells.cloud-sdk-php\test\Document\LightCellsTest.php" line="4121" assertions="1" time="2.057191"/>
      <testcase name="testPostMerge_tif_true" class="Aspose\Cells\Cloud\LightCellsTest" classname="Aspose.Cells.Cloud.LightCellsTest" file="D:\cells.cloud.family\cells.cloud-sdk-php\test\Document\LightCellsTest.php" line="4147" assertions="1" time="1.821753"/>
      <testcase name="testPostMerge_xlsb_true" class="Aspose\Cells\Cloud\LightCellsTest" classname="Aspose.Cells.Cloud.LightCellsTest" file="D:\cells.cloud.family\cells.cloud-sdk-php\test\Document\LightCellsTest.php" line="4173" assertions="1" time="1.512084"/>
      <testcase name="testPostMerge_xlsm_true" class="Aspose\Cells\Cloud\LightCellsTest" classname="Aspose.Cells.Cloud.LightCellsTest" file="D:\cells.cloud.family\cells.cloud-sdk-php\test\Document\LightCellsTest.php" line="4199" assertions="1" time="1.496179"/>
      <testcase name="testPostMerge_xlsx_true" class="Aspose\Cells\Cloud\LightCellsTest" classname="Aspose.Cells.Cloud.LightCellsTest" file="D:\cells.cloud.family\cells.cloud-sdk-php\test\Document\LightCellsTest.php" line="4225" assertions="1" time="1.493323"/>
      <testcase name="testPostMerge_xltm_true" class="Aspose\Cells\Cloud\LightCellsTest" classname="Aspose.Cells.Cloud.LightCellsTest" file="D:\cells.cloud.family\cells.cloud-sdk-php\test\Document\LightCellsTest.php" line="4251" assertions="1" time="1.571341"/>
      <testcase name="testPostMerge_xltx_true" class="Aspose\Cells\Cloud\LightCellsTest" classname="Aspose.Cells.Cloud.LightCellsTest" file="D:\cells.cloud.family\cells.cloud-sdk-php\test\Document\LightCellsTest.php" line="4277" assertions="1" time="1.690986"/>
      <testcase name="testPostMerge_xps_true" class="Aspose\Cells\Cloud\LightCellsTest" classname="Aspose.Cells.Cloud.LightCellsTest" file="D:\cells.cloud.family\cells.cloud-sdk-php\test\Document\LightCellsTest.php" line="4303" assertions="1" time="1.843245"/>
      <testcase name="testPostMerge_png_true" class="Aspose\Cells\Cloud\LightCellsTest" classname="Aspose.Cells.Cloud.LightCellsTest" file="D:\cells.cloud.family\cells.cloud-sdk-php\test\Document\LightCellsTest.php" line="4329" assertions="1" time="1.533751"/>
      <testcase name="testPostMerge_jpg_true" class="Aspose\Cells\Cloud\LightCellsTest" classname="Aspose.Cells.Cloud.LightCellsTest" file="D:\cells.cloud.family\cells.cloud-sdk-php\test\Document\LightCellsTest.php" line="4355" assertions="1" time="1.875161"/>
      <testcase name="testPostMerge_gif_true" class="Aspose\Cells\Cloud\LightCellsTest" classname="Aspose.Cells.Cloud.LightCellsTest" file="D:\cells.cloud.family\cells.cloud-sdk-php\test\Document\LightCellsTest.php" line="4381" assertions="1" time="1.656557"/>
      <testcase name="testPostMerge_emf_true" class="Aspose\Cells\Cloud\LightCellsTest" classname="Aspose.Cells.Cloud.LightCellsTest" file="D:\cells.cloud.family\cells.cloud-sdk-php\test\Document\LightCellsTest.php" line="4407" assertions="1" time="3.973413"/>
      <testcase name="testPostMerge_bmp_true" class="Aspose\Cells\Cloud\LightCellsTest" classname="Aspose.Cells.Cloud.LightCellsTest" file="D:\cells.cloud.family\cells.cloud-sdk-php\test\Document\LightCellsTest.php" line="4433" assertions="1" time="14.709259"/>
      <testcase name="testPostMerge_md_true" class="Aspose\Cells\Cloud\LightCellsTest" classname="Aspose.Cells.Cloud.LightCellsTest" file="D:\cells.cloud.family\cells.cloud-sdk-php\test\Document\LightCellsTest.php" line="4459" assertions="1" time="1.557537"/>
      <testcase name="testPostMerge_numbers_true" class="Aspose\Cells\Cloud\LightCellsTest" classname="Aspose.Cells.Cloud.LightCellsTest" file="D:\cells.cloud.family\cells.cloud-sdk-php\test\Document\LightCellsTest.php" line="4485" assertions="1" time="1.589208"/>
      <testcase name="testPostMerge_wmf_true" class="Aspose\Cells\Cloud\LightCellsTest" classname="Aspose.Cells.Cloud.LightCellsTest" file="D:\cells.cloud.family\cells.cloud-sdk-php\test\Document\LightCellsTest.php" line="4511" assertions="1" time="3.269876"/>
      <testcase name="testPostMerge_svg_true" class="Aspose\Cells\Cloud\LightCellsTest" classname="Aspose.Cells.Cloud.LightCellsTest" file="D:\cells.cloud.family\cells.cloud-sdk-php\test\Document\LightCellsTest.php" line="4537" assertions="1" time="1.737656"/>
      <testcase name="testPostMerge_docx_false" class="Aspose\Cells\Cloud\LightCellsTest" classname="Aspose.Cells.Cloud.LightCellsTest" file="D:\cells.cloud.family\cells.cloud-sdk-php\test\Document\LightCellsTest.php" line="4563" assertions="1" time="2.263472"/>
      <testcase name="testPostMerge_pptx_false" class="Aspose\Cells\Cloud\LightCellsTest" classname="Aspose.Cells.Cloud.LightCellsTest" file="D:\cells.cloud.family\cells.cloud-sdk-php\test\Document\LightCellsTest.php" line="4589" assertions="1" time="2.643586"/>
      <testcase name="testPostMerge_json_false" class="Aspose\Cells\Cloud\LightCellsTest" classname="Aspose.Cells.Cloud.LightCellsTest" file="D:\cells.cloud.family\cells.cloud-sdk-php\test\Document\LightCellsTest.php" line="4615" assertions="1" time="1.530720"/>
      <testcase name="testPostMerge_sql_false" class="Aspose\Cells\Cloud\LightCellsTest" classname="Aspose.Cells.Cloud.LightCellsTest" file="D:\cells.cloud.family\cells.cloud-sdk-php\test\Document\LightCellsTest.php" line="4641" assertions="1" time="1.611513"/>
      <testcase name="testPostUnlock" class="Aspose\Cells\Cloud\LightCellsTest" classname="Aspose.Cells.Cloud.LightCellsTest" file="D:\cells.cloud.family\cells.cloud-sdk-php\test\Document\LightCellsTest.php" line="4667" assertions="1" time="6.375819"/>
      <testcase name="testPostProtect" class="Aspose\Cells\Cloud\LightCellsTest" classname="Aspose.Cells.Cloud.LightCellsTest" file="D:\cells.cloud.family\cells.cloud-sdk-php\test\Document\LightCellsTest.php" line="4687" assertions="1" time="2.289259"/>
      <testcase name="testPostProtect_ProtectWorkbookRequest" class="Aspose\Cells\Cloud\LightCellsTest" classname="Aspose.Cells.Cloud.LightCellsTest" file="D:\cells.cloud.family\cells.cloud-sdk-php\test\Document\LightCellsTest.php" line="4713" assertions="1" time="2.443035"/>
      <testcase name="testPostSearch" class="Aspose\Cells\Cloud\LightCellsTest" classname="Aspose.Cells.Cloud.LightCellsTest" file="D:\cells.cloud.family\cells.cloud-sdk-php\test\Document\LightCellsTest.php" line="4738" assertions="1" time="2.372240"/>
      <testcase name="testPostReplace" class="Aspose\Cells\Cloud\LightCellsTest" classname="Aspose.Cells.Cloud.LightCellsTest" file="D:\cells.cloud.family\cells.cloud-sdk-php\test\Document\LightCellsTest.php" line="4760" assertions="1" time="3.261752"/>
      <testcase name="testPostReplaceOnlySheetname" class="Aspose\Cells\Cloud\LightCellsTest" classname="Aspose.Cells.Cloud.LightCellsTest" file="D:\cells.cloud.family\cells.cloud-sdk-php\test\Document\LightCellsTest.php" line="4783" assertions="1" time="1.742084"/>
      <testcase name="testPostWatermark" class="Aspose\Cells\Cloud\LightCellsTest" classname="Aspose.Cells.Cloud.LightCellsTest" file="D:\cells.cloud.family\cells.cloud-sdk-php\test\Document\LightCellsTest.php" line="4807" assertions="1" time="1.728633"/>
      <testcase name="testPostClearObjects_chart" class="Aspose\Cells\Cloud\LightCellsTest" classname="Aspose.Cells.Cloud.LightCellsTest" file="D:\cells.cloud.family\cells.cloud-sdk-php\test\Document\LightCellsTest.php" line="4830" assertions="1" time="5.191493"/>
      <testcase name="testPostClearObjects_comment" class="Aspose\Cells\Cloud\LightCellsTest" classname="Aspose.Cells.Cloud.LightCellsTest" file="D:\cells.cloud.family\cells.cloud-sdk-php\test\Document\LightCellsTest.php" line="4854" assertions="1" time="5.521243"/>
      <testcase name="testPostClearObjects_picture" class="Aspose\Cells\Cloud\LightCellsTest" classname="Aspose.Cells.Cloud.LightCellsTest" file="D:\cells.cloud.family\cells.cloud-sdk-php\test\Document\LightCellsTest.php" line="4878" assertions="1" time="5.851338"/>
      <testcase name="testPostClearObjects_shape" class="Aspose\Cells\Cloud\LightCellsTest" classname="Aspose.Cells.Cloud.LightCellsTest" file="D:\cells.cloud.family\cells.cloud-sdk-php\test\Document\LightCellsTest.php" line="4902" assertions="1" time="2.996444"/>
      <testcase name="testPostClearObjects_listobject" class="Aspose\Cells\Cloud\LightCellsTest" classname="Aspose.Cells.Cloud.LightCellsTest" file="D:\cells.cloud.family\cells.cloud-sdk-php\test\Document\LightCellsTest.php" line="4926" assertions="1" time="4.359826"/>
      <testcase name="testPostClearObjects_hyperlink" class="Aspose\Cells\Cloud\LightCellsTest" classname="Aspose.Cells.Cloud.LightCellsTest" file="D:\cells.cloud.family\cells.cloud-sdk-php\test\Document\LightCellsTest.php" line="4950" assertions="1" time="4.641864"/>
      <testcase name="testPostClearObjects_oleobject" class="Aspose\Cells\Cloud\LightCellsTest" classname="Aspose.Cells.Cloud.LightCellsTest" file="D:\cells.cloud.family\cells.cloud-sdk-php\test\Document\LightCellsTest.php" line="4974" assertions="1" time="4.851784"/>
      <testcase name="testPostClearObjects_pivottable" class="Aspose\Cells\Cloud\LightCellsTest" classname="Aspose.Cells.Cloud.LightCellsTest" file="D:\cells.cloud.family\cells.cloud-sdk-php\test\Document\LightCellsTest.php" line="4998" assertions="1" time="8.336212"/>
      <testcase name="testPostClearObjects_validation" class="Aspose\Cells\Cloud\LightCellsTest" classname="Aspose.Cells.Cloud.LightCellsTest" file="D:\cells.cloud.family\cells.cloud-sdk-php\test\Document\LightCellsTest.php" line="5022" assertions="1" time="4.238699"/>
      <testcase name="testPostClearObjects_Background" class="Aspose\Cells\Cloud\LightCellsTest" classname="Aspose.Cells.Cloud.LightCellsTest" file="D:\cells.cloud.family\cells.cloud-sdk-php\test\Document\LightCellsTest.php" line="5046" assertions="1" time="5.652214"/>
      <testcase name="testPostRepair_xlsx" class="Aspose\Cells\Cloud\LightCellsTest" classname="Aspose.Cells.Cloud.LightCellsTest" file="D:\cells.cloud.family\cells.cloud-sdk-php\test\Document\LightCellsTest.php" line="5070" assertions="1" time="7.161913"/>
      <testcase name="testPostRepair_pdf" class="Aspose\Cells\Cloud\LightCellsTest" classname="Aspose.Cells.Cloud.LightCellsTest" file="D:\cells.cloud.family\cells.cloud-sdk-php\test\Document\LightCellsTest.php" line="5092" assertions="1" time="4.598710"/>
      <testcase name="testPostRepair_csv" class="Aspose\Cells\Cloud\LightCellsTest" classname="Aspose.Cells.Cloud.LightCellsTest" file="D:\cells.cloud.family\cells.cloud-sdk-php\test\Document\LightCellsTest.php" line="5114" assertions="1" time="1.886927"/>
      <testcase name="testPostRepair_png" class="Aspose\Cells\Cloud\LightCellsTest" classname="Aspose.Cells.Cloud.LightCellsTest" file="D:\cells.cloud.family\cells.cloud-sdk-php\test\Document\LightCellsTest.php" line="5136" assertions="1" time="7.763922"/>
      <testcase name="testPostReverse_rows_pdf" class="Aspose\Cells\Cloud\LightCellsTest" classname="Aspose.Cells.Cloud.LightCellsTest" file="D:\cells.cloud.family\cells.cloud-sdk-php\test\Document\LightCellsTest.php" line="5158" assertions="1" time="5.764147"/>
      <testcase name="testPostReverse_cols_pdf" class="Aspose\Cells\Cloud\LightCellsTest" classname="Aspose.Cells.Cloud.LightCellsTest" file="D:\cells.cloud.family\cells.cloud-sdk-php\test\Document\LightCellsTest.php" line="5182" assertions="1" time="4.388387"/>
      <testcase name="testPostReverse_both_pdf" class="Aspose\Cells\Cloud\LightCellsTest" classname="Aspose.Cells.Cloud.LightCellsTest" file="D:\cells.cloud.family\cells.cloud-sdk-php\test\Document\LightCellsTest.php" line="5206" assertions="1" time="3.901007"/>
      <testcase name="testPostReverse_rows_csv" class="Aspose\Cells\Cloud\LightCellsTest" classname="Aspose.Cells.Cloud.LightCellsTest" file="D:\cells.cloud.family\cells.cloud-sdk-php\test\Document\LightCellsTest.php" line="5230" assertions="1" time="2.062813"/>
      <testcase name="testPostReverse_cols_png" class="Aspose\Cells\Cloud\LightCellsTest" classname="Aspose.Cells.Cloud.LightCellsTest" file="D:\cells.cloud.family\cells.cloud-sdk-php\test\Document\LightCellsTest.php" line="5254" assertions="1" time="5.917665"/>
      <testcase name="testPostReverse_both_xlsx" class="Aspose\Cells\Cloud\LightCellsTest" classname="Aspose.Cells.Cloud.LightCellsTest" file="D:\cells.cloud.family\cells.cloud-sdk-php\test\Document\LightCellsTest.php" line="5278" assertions="1" time="6.312746"/>
      <testcase name="testGetMetadata" class="Aspose\Cells\Cloud\LightCellsTest" classname="Aspose.Cells.Cloud.LightCellsTest" file="D:\cells.cloud.family\cells.cloud-sdk-php\test\Document\LightCellsTest.php" line="5302" assertions="1" time="2.161373"/>
      <testcase name="testDeleteMetadata" class="Aspose\Cells\Cloud\LightCellsTest" classname="Aspose.Cells.Cloud.LightCellsTest" file="D:\cells.cloud.family\cells.cloud-sdk-php\test\Document\LightCellsTest.php" line="5322" assertions="1" time="5.400632"/>
      <testcase name="testPostMetadata" class="Aspose\Cells\Cloud\LightCellsTest" classname="Aspose.Cells.Cloud.LightCellsTest" file="D:\cells.cloud.family\cells.cloud-sdk-php\test\Document\LightCellsTest.php" line="5342" assertions="1" time="4.449509"/>
    </testsuite>
  </testsuite>
</testsuites>
